Command line invocation:
    /Applications/Xcode.app/Contents/Developer/usr/bin/xcodebuild -project FlowTask.xcodeproj -scheme FlowTask -configuration Debug clean build

2026-01-07 14:04:18.384 xcodebuild[21322:4915535] [MT] IDERunDestination: Supported platforms for the buildables in the current scheme is empty.
--- xcodebuild: WARNING: Using the first of multiple matching destinations:
{ platform:macOS, arch:arm64, id:00008142-0006108E0106401C, name:My Mac }
{ platform:macOS, arch:x86_64, id:00008142-0006108E0106401C, name:My Mac }
{ platform:iOS, id:dvtdevice-DVTiPhonePlaceholder-iphoneos:placeholder, name:Any iOS Device }
{ platform:iOS Simulator, id:dvtdevice-DVTiOSDeviceSimulatorPlaceholder-iphonesimulator:placeholder, name:Any iOS Simulator Device }
{ platform:macOS, name:Any Mac }
{ platform:iOS Simulator, arch:arm64, id:2348B3B6-CB17-4FAB-9F93-5219F63E58AA, OS:26.2, name:iPad (A16) }
{ platform:iOS Simulator, arch:arm64, id:FE9559B4-116A-4F60-9CA3-FC53FB4103D6, OS:26.2, name:iPad Air 11-inch (M3) }
{ platform:iOS Simulator, arch:arm64, id:2C2BEFF9-A462-4983-A259-7790D296B487, OS:26.2, name:iPad Air 13-inch (M3) }
{ platform:iOS Simulator, arch:arm64, id:BB57F72B-1DFD-48BB-8EE4-2D972E1E0DB9, OS:26.2, name:iPad Pro 11-inch (M5) }
{ platform:iOS Simulator, arch:arm64, id:F2787887-67DB-40E5-99A3-2F136669D762, OS:26.2, name:iPad Pro 13-inch (M5) }
{ platform:iOS Simulator, arch:arm64, id:D7AD1F29-14D4-47F7-93B9-5C3E715A96BE, OS:26.2, name:iPad mini (A17 Pro) }
{ platform:iOS Simulator, arch:arm64, id:E9B1FEBD-53F0-47B1-8C70-1FB842C65026, OS:26.2, name:iPhone 16e }
{ platform:iOS Simulator, arch:arm64, id:784ADFAA-DD21-4E80-BB86-1060B1227E0B, OS:26.2, name:iPhone 17 }
{ platform:iOS Simulator, arch:arm64, id:33E9CBB3-6C21-4C57-A1EC-EA5F49322059, OS:26.2, name:iPhone 17 Pro }
{ platform:iOS Simulator, arch:arm64, id:3F34C2CB-2EE7-4A31-8A37-D6E85A776257, OS:26.2, name:iPhone 17 Pro Max }
{ platform:iOS Simulator, arch:arm64, id:97C64417-F337-4CB5-8BFA-FA090F2495CA, OS:26.2, name:iPhone Air }
CreateBuildRequest

SendProjectDescription

CreateBuildOperation

** CLEAN SUCCEEDED **

--- xcodebuild: WARNING: Using the first of multiple matching destinations:
{ platform:macOS, arch:arm64, id:00008142-0006108E0106401C, name:My Mac }
{ platform:macOS, arch:x86_64, id:00008142-0006108E0106401C, name:My Mac }
{ platform:iOS, id:dvtdevice-DVTiPhonePlaceholder-iphoneos:placeholder, name:Any iOS Device }
{ platform:iOS Simulator, id:dvtdevice-DVTiOSDeviceSimulatorPlaceholder-iphonesimulator:placeholder, name:Any iOS Simulator Device }
{ platform:macOS, name:Any Mac }
{ platform:iOS Simulator, arch:arm64, id:2348B3B6-CB17-4FAB-9F93-5219F63E58AA, OS:26.2, name:iPad (A16) }
{ platform:iOS Simulator, arch:arm64, id:FE9559B4-116A-4F60-9CA3-FC53FB4103D6, OS:26.2, name:iPad Air 11-inch (M3) }
{ platform:iOS Simulator, arch:arm64, id:2C2BEFF9-A462-4983-A259-7790D296B487, OS:26.2, name:iPad Air 13-inch (M3) }
{ platform:iOS Simulator, arch:arm64, id:BB57F72B-1DFD-48BB-8EE4-2D972E1E0DB9, OS:26.2, name:iPad Pro 11-inch (M5) }
{ platform:iOS Simulator, arch:arm64, id:F2787887-67DB-40E5-99A3-2F136669D762, OS:26.2, name:iPad Pro 13-inch (M5) }
{ platform:iOS Simulator, arch:arm64, id:D7AD1F29-14D4-47F7-93B9-5C3E715A96BE, OS:26.2, name:iPad mini (A17 Pro) }
{ platform:iOS Simulator, arch:arm64, id:E9B1FEBD-53F0-47B1-8C70-1FB842C65026, OS:26.2, name:iPhone 16e }
{ platform:iOS Simulator, arch:arm64, id:784ADFAA-DD21-4E80-BB86-1060B1227E0B, OS:26.2, name:iPhone 17 }
{ platform:iOS Simulator, arch:arm64, id:33E9CBB3-6C21-4C57-A1EC-EA5F49322059, OS:26.2, name:iPhone 17 Pro }
{ platform:iOS Simulator, arch:arm64, id:3F34C2CB-2EE7-4A31-8A37-D6E85A776257, OS:26.2, name:iPhone 17 Pro Max }
{ platform:iOS Simulator, arch:arm64, id:97C64417-F337-4CB5-8BFA-FA090F2495CA, OS:26.2, name:iPhone Air }
ComputePackagePrebuildTargetDependencyGraph

Prepare packages

CreateBuildRequest

SendProjectDescription

CreateBuildOperation

ComputeTargetDependencyGraph
note: Building targets in dependency order
note: Target dependency graph (1 target)
    Target 'FlowTask' in project 'FlowTask' (no dependencies)

GatherProvisioningInputs

CreateBuildDescription

ExecuteExternalTool /Applications/Xcode.app/Contents/Developer/Toolchains/XcodeDefault.xctoolchain/usr/bin/clang -v -E -dM -isysroot /Applications/Xcode.app/Contents/Developer/Platforms/MacOSX.platform/Developer/SDKs/MacOSX26.2.sdk -x c -c /dev/null

ExecuteExternalTool /Applications/Xcode.app/Contents/Developer/usr/bin/actool --version --output-format xml1

ExecuteExternalTool /Applications/Xcode.app/Contents/Developer/Toolchains/XcodeDefault.xctoolchain/usr/bin/swiftc --version

ExecuteExternalTool /Applications/Xcode.app/Contents/Developer/Toolchains/XcodeDefault.xctoolchain/usr/bin/ld -version_details

Build description signature: 061caeba867723ba38ccfb36578d022a
Build description path: /Users/flipos/Library/Developer/Xcode/DerivedData/FlowTask-gvvjwzkseqvacggylokzjdvxpayu/Build/Intermediates.noindex/XCBuildData/061caeba867723ba38ccfb36578d022a.xcbuilddata
ClangStatCache /Applications/Xcode.app/Contents/Developer/Toolchains/XcodeDefault.xctoolchain/usr/bin/clang-stat-cache /Applications/Xcode.app/Contents/Developer/Platforms/MacOSX.platform/Developer/SDKs/MacOSX26.2.sdk /Users/flipos/Library/Developer/Xcode/DerivedData/SDKStatCaches.noindex/macosx26.2-25C57-00fa09913b459cbbc988d1f6730289ae.sdkstatcache
    cd /Users/flipos/OtherProject/FlowTask/FlowTask.xcodeproj
    /Applications/Xcode.app/Contents/Developer/Toolchains/XcodeDefault.xctoolchain/usr/bin/clang-stat-cache /Applications/Xcode.app/Contents/Developer/Platforms/MacOSX.platform/Developer/SDKs/MacOSX26.2.sdk -o /Users/flipos/Library/Developer/Xcode/DerivedData/SDKStatCaches.noindex/macosx26.2-25C57-00fa09913b459cbbc988d1f6730289ae.sdkstatcache

CreateBuildDirectory /Users/flipos/Library/Developer/Xcode/DerivedData/FlowTask-gvvjwzkseqvacggylokzjdvxpayu/Build/Products
    cd /Users/flipos/OtherProject/FlowTask/FlowTask.xcodeproj
    builtin-create-build-directory /Users/flipos/Library/Developer/Xcode/DerivedData/FlowTask-gvvjwzkseqvacggylokzjdvxpayu/Build/Products

CreateBuildDirectory /Users/flipos/Library/Developer/Xcode/DerivedData/FlowTask-gvvjwzkseqvacggylokzjdvxpayu/Build/Intermediates.noindex
    cd /Users/flipos/OtherProject/FlowTask/FlowTask.xcodeproj
    builtin-create-build-directory /Users/flipos/Library/Developer/Xcode/DerivedData/FlowTask-gvvjwzkseqvacggylokzjdvxpayu/Build/Intermediates.noindex

CreateBuildDirectory /Users/flipos/Library/Developer/Xcode/DerivedData/FlowTask-gvvjwzkseqvacggylokzjdvxpayu/Build/Intermediates.noindex/SwiftExplicitPrecompiledModules
    cd /Users/flipos/OtherProject/FlowTask/FlowTask.xcodeproj
    builtin-create-build-directory /Users/flipos/Library/Developer/Xcode/DerivedData/FlowTask-gvvjwzkseqvacggylokzjdvxpayu/Build/Intermediates.noindex/SwiftExplicitPrecompiledModules

CreateBuildDirectory /Users/flipos/Library/Developer/Xcode/DerivedData/FlowTask-gvvjwzkseqvacggylokzjdvxpayu/Build/Intermediates.noindex/ExplicitPrecompiledModules
    cd /Users/flipos/OtherProject/FlowTask/FlowTask.xcodeproj
    builtin-create-build-directory /Users/flipos/Library/Developer/Xcode/DerivedData/FlowTask-gvvjwzkseqvacggylokzjdvxpayu/Build/Intermediates.noindex/ExplicitPrecompiledModules

CreateBuildDirectory /Users/flipos/Library/Developer/Xcode/DerivedData/FlowTask-gvvjwzkseqvacggylokzjdvxpayu/Build/Products/Debug
    cd /Users/flipos/OtherProject/FlowTask/FlowTask.xcodeproj
    builtin-create-build-directory /Users/flipos/Library/Developer/Xcode/DerivedData/FlowTask-gvvjwzkseqvacggylokzjdvxpayu/Build/Products/Debug

WriteAuxiliaryFile /Users/flipos/Library/Developer/Xcode/DerivedData/FlowTask-gvvjwzkseqvacggylokzjdvxpayu/Build/Intermediates.noindex/FlowTask.build/Debug/FlowTask-789625e822695dd575965e92869f7a5b-VFS/all-product-headers.yaml
    cd /Users/flipos/OtherProject/FlowTask/FlowTask.xcodeproj
    write-file /Users/flipos/Library/Developer/Xcode/DerivedData/FlowTask-gvvjwzkseqvacggylokzjdvxpayu/Build/Intermediates.noindex/FlowTask.build/Debug/FlowTask-789625e822695dd575965e92869f7a5b-VFS/all-product-headers.yaml

CreateBuildDirectory /Users/flipos/Library/Developer/Xcode/DerivedData/FlowTask-gvvjwzkseqvacggylokzjdvxpayu/Build/Intermediates.noindex/EagerLinkingTBDs/Debug
    cd /Users/flipos/OtherProject/FlowTask/FlowTask.xcodeproj
    builtin-create-build-directory /Users/flipos/Library/Developer/Xcode/DerivedData/FlowTask-gvvjwzkseqvacggylokzjdvxpayu/Build/Intermediates.noindex/EagerLinkingTBDs/Debug

WriteAuxiliaryFile /Users/flipos/Library/Developer/Xcode/DerivedData/FlowTask-gvvjwzkseqvacggylokzjdvxpayu/Build/Intermediates.noindex/FlowTask.build/Debug/FlowTask.build/empty-FlowTask.plist (in target 'FlowTask' from project 'FlowTask')
    cd /Users/flipos/OtherProject/FlowTask
    write-file /Users/flipos/Library/Developer/Xcode/DerivedData/FlowTask-gvvjwzkseqvacggylokzjdvxpayu/Build/Intermediates.noindex/FlowTask.build/Debug/FlowTask.build/empty-FlowTask.plist

WriteAuxiliaryFile /Users/flipos/Library/Developer/Xcode/DerivedData/FlowTask-gvvjwzkseqvacggylokzjdvxpayu/Build/Intermediates.noindex/FlowTask.build/Debug/FlowTask.build/Objects-normal/arm64/FlowTask.SwiftFileList (in target 'FlowTask' from project 'FlowTask')
    cd /Users/flipos/OtherProject/FlowTask
    write-file /Users/flipos/Library/Developer/Xcode/DerivedData/FlowTask-gvvjwzkseqvacggylokzjdvxpayu/Build/Intermediates.noindex/FlowTask.build/Debug/FlowTask.build/Objects-normal/arm64/FlowTask.SwiftFileList

WriteAuxiliaryFile /Users/flipos/Library/Developer/Xcode/DerivedData/FlowTask-gvvjwzkseqvacggylokzjdvxpayu/Build/Intermediates.noindex/FlowTask.build/Debug/FlowTask.build/FlowTask.hmap (in target 'FlowTask' from project 'FlowTask')
    cd /Users/flipos/OtherProject/FlowTask
    write-file /Users/flipos/Library/Developer/Xcode/DerivedData/FlowTask-gvvjwzkseqvacggylokzjdvxpayu/Build/Intermediates.noindex/FlowTask.build/Debug/FlowTask.build/FlowTask.hmap

WriteAuxiliaryFile /Users/flipos/Library/Developer/Xcode/DerivedData/FlowTask-gvvjwzkseqvacggylokzjdvxpayu/Build/Intermediates.noindex/FlowTask.build/Debug/FlowTask.build/Objects-normal/arm64/FlowTask.SwiftConstValuesFileList (in target 'FlowTask' from project 'FlowTask')
    cd /Users/flipos/OtherProject/FlowTask
    write-file /Users/flipos/Library/Developer/Xcode/DerivedData/FlowTask-gvvjwzkseqvacggylokzjdvxpayu/Build/Intermediates.noindex/FlowTask.build/Debug/FlowTask.build/Objects-normal/arm64/FlowTask.SwiftConstValuesFileList

WriteAuxiliaryFile /Users/flipos/Library/Developer/Xcode/DerivedData/FlowTask-gvvjwzkseqvacggylokzjdvxpayu/Build/Intermediates.noindex/FlowTask.build/Debug/FlowTask.build/FlowTask-project-headers.hmap (in target 'FlowTask' from project 'FlowTask')
    cd /Users/flipos/OtherProject/FlowTask
    write-file /Users/flipos/Library/Developer/Xcode/DerivedData/FlowTask-gvvjwzkseqvacggylokzjdvxpayu/Build/Intermediates.noindex/FlowTask.build/Debug/FlowTask.build/FlowTask-project-headers.hmap

WriteAuxiliaryFile /Users/flipos/Library/Developer/Xcode/DerivedData/FlowTask-gvvjwzkseqvacggylokzjdvxpayu/Build/Intermediates.noindex/FlowTask.build/Debug/FlowTask.build/Objects-normal/arm64/FlowTask.LinkFileList (in target 'FlowTask' from project 'FlowTask')
    cd /Users/flipos/OtherProject/FlowTask
    write-file /Users/flipos/Library/Developer/Xcode/DerivedData/FlowTask-gvvjwzkseqvacggylokzjdvxpayu/Build/Intermediates.noindex/FlowTask.build/Debug/FlowTask.build/Objects-normal/arm64/FlowTask.LinkFileList

WriteAuxiliaryFile /Users/flipos/Library/Developer/Xcode/DerivedData/FlowTask-gvvjwzkseqvacggylokzjdvxpayu/Build/Intermediates.noindex/FlowTask.build/Debug/FlowTask.build/Objects-normal/arm64/FlowTask_const_extract_protocols.json (in target 'FlowTask' from project 'FlowTask')
    cd /Users/flipos/OtherProject/FlowTask
    write-file /Users/flipos/Library/Developer/Xcode/DerivedData/FlowTask-gvvjwzkseqvacggylokzjdvxpayu/Build/Intermediates.noindex/FlowTask.build/Debug/FlowTask.build/Objects-normal/arm64/FlowTask_const_extract_protocols.json

WriteAuxiliaryFile /Users/flipos/Library/Developer/Xcode/DerivedData/FlowTask-gvvjwzkseqvacggylokzjdvxpayu/Build/Intermediates.noindex/FlowTask.build/Debug/FlowTask.build/Objects-normal/arm64/FlowTask-OutputFileMap.json (in target 'FlowTask' from project 'FlowTask')
    cd /Users/flipos/OtherProject/FlowTask
    write-file /Users/flipos/Library/Developer/Xcode/DerivedData/FlowTask-gvvjwzkseqvacggylokzjdvxpayu/Build/Intermediates.noindex/FlowTask.build/Debug/FlowTask.build/Objects-normal/arm64/FlowTask-OutputFileMap.json

WriteAuxiliaryFile /Users/flipos/Library/Developer/Xcode/DerivedData/FlowTask-gvvjwzkseqvacggylokzjdvxpayu/Build/Intermediates.noindex/FlowTask.build/Debug/FlowTask.build/FlowTask-own-target-headers.hmap (in target 'FlowTask' from project 'FlowTask')
    cd /Users/flipos/OtherProject/FlowTask
    write-file /Users/flipos/Library/Developer/Xcode/DerivedData/FlowTask-gvvjwzkseqvacggylokzjdvxpayu/Build/Intermediates.noindex/FlowTask.build/Debug/FlowTask.build/FlowTask-own-target-headers.hmap

WriteAuxiliaryFile /Users/flipos/Library/Developer/Xcode/DerivedData/FlowTask-gvvjwzkseqvacggylokzjdvxpayu/Build/Intermediates.noindex/FlowTask.build/Debug/FlowTask.build/FlowTask.DependencyStaticMetadataFileList (in target 'FlowTask' from project 'FlowTask')
    cd /Users/flipos/OtherProject/FlowTask
    write-file /Users/flipos/Library/Developer/Xcode/DerivedData/FlowTask-gvvjwzkseqvacggylokzjdvxpayu/Build/Intermediates.noindex/FlowTask.build/Debug/FlowTask.build/FlowTask.DependencyStaticMetadataFileList

WriteAuxiliaryFile /Users/flipos/Library/Developer/Xcode/DerivedData/FlowTask-gvvjwzkseqvacggylokzjdvxpayu/Build/Intermediates.noindex/FlowTask.build/Debug/FlowTask.build/FlowTask.DependencyMetadataFileList (in target 'FlowTask' from project 'FlowTask')
    cd /Users/flipos/OtherProject/FlowTask
    write-file /Users/flipos/Library/Developer/Xcode/DerivedData/FlowTask-gvvjwzkseqvacggylokzjdvxpayu/Build/Intermediates.noindex/FlowTask.build/Debug/FlowTask.build/FlowTask.DependencyMetadataFileList

WriteAuxiliaryFile /Users/flipos/Library/Developer/Xcode/DerivedData/FlowTask-gvvjwzkseqvacggylokzjdvxpayu/Build/Intermediates.noindex/FlowTask.build/Debug/FlowTask.build/FlowTask-generated-files.hmap (in target 'FlowTask' from project 'FlowTask')
    cd /Users/flipos/OtherProject/FlowTask
    write-file /Users/flipos/Library/Developer/Xcode/DerivedData/FlowTask-gvvjwzkseqvacggylokzjdvxpayu/Build/Intermediates.noindex/FlowTask.build/Debug/FlowTask.build/FlowTask-generated-files.hmap

WriteAuxiliaryFile /Users/flipos/Library/Developer/Xcode/DerivedData/FlowTask-gvvjwzkseqvacggylokzjdvxpayu/Build/Intermediates.noindex/FlowTask.build/Debug/FlowTask.build/FlowTask-all-target-headers.hmap (in target 'FlowTask' from project 'FlowTask')
    cd /Users/flipos/OtherProject/FlowTask
    write-file /Users/flipos/Library/Developer/Xcode/DerivedData/FlowTask-gvvjwzkseqvacggylokzjdvxpayu/Build/Intermediates.noindex/FlowTask.build/Debug/FlowTask.build/FlowTask-all-target-headers.hmap

WriteAuxiliaryFile /Users/flipos/Library/Developer/Xcode/DerivedData/FlowTask-gvvjwzkseqvacggylokzjdvxpayu/Build/Intermediates.noindex/FlowTask.build/Debug/FlowTask.build/FlowTask-all-non-framework-target-headers.hmap (in target 'FlowTask' from project 'FlowTask')
    cd /Users/flipos/OtherProject/FlowTask
    write-file /Users/flipos/Library/Developer/Xcode/DerivedData/FlowTask-gvvjwzkseqvacggylokzjdvxpayu/Build/Intermediates.noindex/FlowTask.build/Debug/FlowTask.build/FlowTask-all-non-framework-target-headers.hmap

WriteAuxiliaryFile /Users/flipos/Library/Developer/Xcode/DerivedData/FlowTask-gvvjwzkseqvacggylokzjdvxpayu/Build/Intermediates.noindex/FlowTask.build/Debug/FlowTask.build/FlowTask-DebugDylibPath-normal-arm64.txt (in target 'FlowTask' from project 'FlowTask')
    cd /Users/flipos/OtherProject/FlowTask
    write-file /Users/flipos/Library/Developer/Xcode/DerivedData/FlowTask-gvvjwzkseqvacggylokzjdvxpayu/Build/Intermediates.noindex/FlowTask.build/Debug/FlowTask.build/FlowTask-DebugDylibPath-normal-arm64.txt

WriteAuxiliaryFile /Users/flipos/Library/Developer/Xcode/DerivedData/FlowTask-gvvjwzkseqvacggylokzjdvxpayu/Build/Intermediates.noindex/FlowTask.build/Debug/FlowTask.build/FlowTask-DebugDylibInstallName-normal-arm64.txt (in target 'FlowTask' from project 'FlowTask')
    cd /Users/flipos/OtherProject/FlowTask
    write-file /Users/flipos/Library/Developer/Xcode/DerivedData/FlowTask-gvvjwzkseqvacggylokzjdvxpayu/Build/Intermediates.noindex/FlowTask.build/Debug/FlowTask.build/FlowTask-DebugDylibInstallName-normal-arm64.txt

MkDir /Users/flipos/Library/Developer/Xcode/DerivedData/FlowTask-gvvjwzkseqvacggylokzjdvxpayu/Build/Products/Debug/FlowTask.app/Contents (in target 'FlowTask' from project 'FlowTask')
    cd /Users/flipos/OtherProject/FlowTask
    /bin/mkdir -p /Users/flipos/Library/Developer/Xcode/DerivedData/FlowTask-gvvjwzkseqvacggylokzjdvxpayu/Build/Products/Debug/FlowTask.app/Contents

WriteAuxiliaryFile /Users/flipos/Library/Developer/Xcode/DerivedData/FlowTask-gvvjwzkseqvacggylokzjdvxpayu/Build/Intermediates.noindex/FlowTask.build/Debug/FlowTask.build/DerivedSources/Entitlements.plist (in target 'FlowTask' from project 'FlowTask')
    cd /Users/flipos/OtherProject/FlowTask
    write-file /Users/flipos/Library/Developer/Xcode/DerivedData/FlowTask-gvvjwzkseqvacggylokzjdvxpayu/Build/Intermediates.noindex/FlowTask.build/Debug/FlowTask.build/DerivedSources/Entitlements.plist

MkDir /Users/flipos/Library/Developer/Xcode/DerivedData/FlowTask-gvvjwzkseqvacggylokzjdvxpayu/Build/Products/Debug/FlowTask.app/Contents/MacOS (in target 'FlowTask' from project 'FlowTask')
    cd /Users/flipos/OtherProject/FlowTask
    /bin/mkdir -p /Users/flipos/Library/Developer/Xcode/DerivedData/FlowTask-gvvjwzkseqvacggylokzjdvxpayu/Build/Products/Debug/FlowTask.app/Contents/MacOS

MkDir /Users/flipos/Library/Developer/Xcode/DerivedData/FlowTask-gvvjwzkseqvacggylokzjdvxpayu/Build/Products/Debug/FlowTask.app (in target 'FlowTask' from project 'FlowTask')
    cd /Users/flipos/OtherProject/FlowTask
    /bin/mkdir -p /Users/flipos/Library/Developer/Xcode/DerivedData/FlowTask-gvvjwzkseqvacggylokzjdvxpayu/Build/Products/Debug/FlowTask.app

MkDir /Users/flipos/Library/Developer/Xcode/DerivedData/FlowTask-gvvjwzkseqvacggylokzjdvxpayu/Build/Products/Debug/FlowTask.app/Contents/Resources (in target 'FlowTask' from project 'FlowTask')
    cd /Users/flipos/OtherProject/FlowTask
    /bin/mkdir -p /Users/flipos/Library/Developer/Xcode/DerivedData/FlowTask-gvvjwzkseqvacggylokzjdvxpayu/Build/Products/Debug/FlowTask.app/Contents/Resources

ProcessProductPackaging "" /Users/flipos/Library/Developer/Xcode/DerivedData/FlowTask-gvvjwzkseqvacggylokzjdvxpayu/Build/Intermediates.noindex/FlowTask.build/Debug/FlowTask.build/FlowTask.app.xcent (in target 'FlowTask' from project 'FlowTask')
    cd /Users/flipos/OtherProject/FlowTask
    
    Entitlements:
    
    {
    "com.apple.security.app-sandbox" = 1;
    "com.apple.security.files.user-selected.read-only" = 1;
    "com.apple.security.get-task-allow" = 1;
}
    
    builtin-productPackagingUtility -entitlements -format xml -o /Users/flipos/Library/Developer/Xcode/DerivedData/FlowTask-gvvjwzkseqvacggylokzjdvxpayu/Build/Intermediates.noindex/FlowTask.build/Debug/FlowTask.build/FlowTask.app.xcent

ProcessProductPackagingDER /Users/flipos/Library/Developer/Xcode/DerivedData/FlowTask-gvvjwzkseqvacggylokzjdvxpayu/Build/Intermediates.noindex/FlowTask.build/Debug/FlowTask.build/FlowTask.app.xcent /Users/flipos/Library/Developer/Xcode/DerivedData/FlowTask-gvvjwzkseqvacggylokzjdvxpayu/Build/Intermediates.noindex/FlowTask.build/Debug/FlowTask.build/FlowTask.app.xcent.der (in target 'FlowTask' from project 'FlowTask')
    cd /Users/flipos/OtherProject/FlowTask
    /usr/bin/derq query -f xml -i /Users/flipos/Library/Developer/Xcode/DerivedData/FlowTask-gvvjwzkseqvacggylokzjdvxpayu/Build/Intermediates.noindex/FlowTask.build/Debug/FlowTask.build/FlowTask.app.xcent -o /Users/flipos/Library/Developer/Xcode/DerivedData/FlowTask-gvvjwzkseqvacggylokzjdvxpayu/Build/Intermediates.noindex/FlowTask.build/Debug/FlowTask.build/FlowTask.app.xcent.der --raw

Ld /Users/flipos/Library/Developer/Xcode/DerivedData/FlowTask-gvvjwzkseqvacggylokzjdvxpayu/Build/Products/Debug/FlowTask.app/Contents/MacOS/__preview.dylib normal (in target 'FlowTask' from project 'FlowTask')
    cd /Users/flipos/OtherProject/FlowTask
    /Applications/Xcode.app/Contents/Developer/Toolchains/XcodeDefault.xctoolchain/usr/bin/clang -Xlinker -reproducible -target arm64-apple-macos14.6 -dynamiclib -isysroot /Applications/Xcode.app/Contents/Developer/Platforms/MacOSX.platform/Developer/SDKs/MacOSX26.2.sdk -O0 -L/Users/flipos/Library/Developer/Xcode/DerivedData/FlowTask-gvvjwzkseqvacggylokzjdvxpayu/Build/Products/Debug -F/Users/flipos/Library/Developer/Xcode/DerivedData/FlowTask-gvvjwzkseqvacggylokzjdvxpayu/Build/Products/Debug -install_name @rpath/FlowTask.debug.dylib -rdynamic -Xlinker -no_deduplicate -Xlinker -debug_variant -Xlinker -dependency_info -Xlinker /Users/flipos/Library/Developer/Xcode/DerivedData/FlowTask-gvvjwzkseqvacggylokzjdvxpayu/Build/Intermediates.noindex/FlowTask.build/Debug/FlowTask.build/Objects-normal/arm64/FlowTask_dependency_info.dat -Xlinker -no_adhoc_codesign -o /Users/flipos/Library/Developer/Xcode/DerivedData/FlowTask-gvvjwzkseqvacggylokzjdvxpayu/Build/Products/Debug/FlowTask.app/Contents/MacOS/__preview.dylib

MkDir /Users/flipos/Library/Developer/Xcode/DerivedData/FlowTask-gvvjwzkseqvacggylokzjdvxpayu/Build/Intermediates.noindex/FlowTask.build/Debug/FlowTask.build/assetcatalog_output/thinned (in target 'FlowTask' from project 'FlowTask')
    cd /Users/flipos/OtherProject/FlowTask
    /bin/mkdir -p /Users/flipos/Library/Developer/Xcode/DerivedData/FlowTask-gvvjwzkseqvacggylokzjdvxpayu/Build/Intermediates.noindex/FlowTask.build/Debug/FlowTask.build/assetcatalog_output/thinned

MkDir /Users/flipos/Library/Developer/Xcode/DerivedData/FlowTask-gvvjwzkseqvacggylokzjdvxpayu/Build/Intermediates.noindex/FlowTask.build/Debug/FlowTask.build/assetcatalog_output/unthinned (in target 'FlowTask' from project 'FlowTask')
    cd /Users/flipos/OtherProject/FlowTask
    /bin/mkdir -p /Users/flipos/Library/Developer/Xcode/DerivedData/FlowTask-gvvjwzkseqvacggylokzjdvxpayu/Build/Intermediates.noindex/FlowTask.build/Debug/FlowTask.build/assetcatalog_output/unthinned

GenerateAssetSymbols /Users/flipos/OtherProject/FlowTask/FlowTask/Assets.xcassets (in target 'FlowTask' from project 'FlowTask')
    cd /Users/flipos/OtherProject/FlowTask
    /Applications/Xcode.app/Contents/Developer/usr/bin/actool /Users/flipos/OtherProject/FlowTask/FlowTask/Assets.xcassets --compile /Users/flipos/Library/Developer/Xcode/DerivedData/FlowTask-gvvjwzkseqvacggylokzjdvxpayu/Build/Products/Debug/FlowTask.app/Contents/Resources --output-format human-readable-text --notices --warnings --export-dependency-info /Users/flipos/Library/Developer/Xcode/DerivedData/FlowTask-gvvjwzkseqvacggylokzjdvxpayu/Build/Intermediates.noindex/FlowTask.build/Debug/FlowTask.build/assetcatalog_dependencies --output-partial-info-plist /Users/flipos/Library/Developer/Xcode/DerivedData/FlowTask-gvvjwzkseqvacggylokzjdvxpayu/Build/Intermediates.noindex/FlowTask.build/Debug/FlowTask.build/assetcatalog_generated_info.plist --app-icon AppIcon --accent-color AccentColor --enable-on-demand-resources NO --development-region en --target-device mac --minimum-deployment-target 14.6 --platform macosx --bundle-identifier com.zxyang.flowtask.FlowTask --generate-swift-asset-symbols /Users/flipos/Library/Developer/Xcode/DerivedData/FlowTask-gvvjwzkseqvacggylokzjdvxpayu/Build/Intermediates.noindex/FlowTask.build/Debug/FlowTask.build/DerivedSources/GeneratedAssetSymbols.swift --generate-objc-asset-symbols /Users/flipos/Library/Developer/Xcode/DerivedData/FlowTask-gvvjwzkseqvacggylokzjdvxpayu/Build/Intermediates.noindex/FlowTask.build/Debug/FlowTask.build/DerivedSources/GeneratedAssetSymbols.h --generate-asset-symbol-index /Users/flipos/Library/Developer/Xcode/DerivedData/FlowTask-gvvjwzkseqvacggylokzjdvxpayu/Build/Intermediates.noindex/FlowTask.build/Debug/FlowTask.build/DerivedSources/GeneratedAssetSymbols-Index.plist
/* com.apple.actool.compilation-results */
/Users/flipos/Library/Developer/Xcode/DerivedData/FlowTask-gvvjwzkseqvacggylokzjdvxpayu/Build/Intermediates.noindex/FlowTask.build/Debug/FlowTask.build/DerivedSources/GeneratedAssetSymbols-Index.plist
/Users/flipos/Library/Developer/Xcode/DerivedData/FlowTask-gvvjwzkseqvacggylokzjdvxpayu/Build/Intermediates.noindex/FlowTask.build/Debug/FlowTask.build/DerivedSources/GeneratedAssetSymbols.h
/Users/flipos/Library/Developer/Xcode/DerivedData/FlowTask-gvvjwzkseqvacggylokzjdvxpayu/Build/Intermediates.noindex/FlowTask.build/Debug/FlowTask.build/DerivedSources/GeneratedAssetSymbols.swift


CompileAssetCatalogVariant thinned /Users/flipos/Library/Developer/Xcode/DerivedData/FlowTask-gvvjwzkseqvacggylokzjdvxpayu/Build/Products/Debug/FlowTask.app/Contents/Resources /Users/flipos/OtherProject/FlowTask/FlowTask/Assets.xcassets (in target 'FlowTask' from project 'FlowTask')
    cd /Users/flipos/OtherProject/FlowTask
    /Applications/Xcode.app/Contents/Developer/usr/bin/actool /Users/flipos/OtherProject/FlowTask/FlowTask/Assets.xcassets --compile /Users/flipos/Library/Developer/Xcode/DerivedData/FlowTask-gvvjwzkseqvacggylokzjdvxpayu/Build/Intermediates.noindex/FlowTask.build/Debug/FlowTask.build/assetcatalog_output/thinned --output-format human-readable-text --notices --warnings --export-dependency-info /Users/flipos/Library/Developer/Xcode/DerivedData/FlowTask-gvvjwzkseqvacggylokzjdvxpayu/Build/Intermediates.noindex/FlowTask.build/Debug/FlowTask.build/assetcatalog_dependencies_thinned --output-partial-info-plist /Users/flipos/Library/Developer/Xcode/DerivedData/FlowTask-gvvjwzkseqvacggylokzjdvxpayu/Build/Intermediates.noindex/FlowTask.build/Debug/FlowTask.build/assetcatalog_generated_info.plist_thinned --app-icon AppIcon --accent-color AccentColor --enable-on-demand-resources NO --development-region en --target-device mac --minimum-deployment-target 14.6 --platform macosx
/* com.apple.actool.compilation-results */
/Users/flipos/Library/Developer/Xcode/DerivedData/FlowTask-gvvjwzkseqvacggylokzjdvxpayu/Build/Intermediates.noindex/FlowTask.build/Debug/FlowTask.build/assetcatalog_generated_info.plist_thinned
/Users/flipos/Library/Developer/Xcode/DerivedData/FlowTask-gvvjwzkseqvacggylokzjdvxpayu/Build/Intermediates.noindex/FlowTask.build/Debug/FlowTask.build/assetcatalog_output/thinned/AppIcon.icns
/Users/flipos/Library/Developer/Xcode/DerivedData/FlowTask-gvvjwzkseqvacggylokzjdvxpayu/Build/Intermediates.noindex/FlowTask.build/Debug/FlowTask.build/assetcatalog_output/thinned/Assets.car


SwiftDriver FlowTask normal arm64 com.apple.xcode.tools.swift.compiler (in target 'FlowTask' from project 'FlowTask')
    cd /Users/flipos/OtherProject/FlowTask
    builtin-SwiftDriver -- /Applications/Xcode.app/Contents/Developer/Toolchains/XcodeDefault.xctoolchain/usr/bin/swiftc -module-name FlowTask -Onone -enforce-exclusivity\=checked @/Users/flipos/Library/Developer/Xcode/DerivedData/FlowTask-gvvjwzkseqvacggylokzjdvxpayu/Build/Intermediates.noindex/FlowTask.build/Debug/FlowTask.build/Objects-normal/arm64/FlowTask.SwiftFileList -DDEBUG -default-isolation\=MainActor -enable-bare-slash-regex -enable-upcoming-feature DisableOutwardActorInference -enable-upcoming-feature InferSendableFromCaptures -enable-upcoming-feature GlobalActorIsolatedTypesUsability -enable-upcoming-feature MemberImportVisibility -enable-upcoming-feature InferIsolatedConformances -enable-upcoming-feature NonisolatedNonsendingByDefault -enable-experimental-feature DebugDescriptionMacro -sdk /Applications/Xcode.app/Contents/Developer/Platforms/MacOSX.platform/Developer/SDKs/MacOSX26.2.sdk -target arm64-apple-macos14.6 -g -module-cache-path /Users/flipos/Library/Developer/Xcode/DerivedData/ModuleCache.noindex -Xfrontend -serialize-debugging-options -profile-coverage-mapping -profile-generate -enable-testing -index-store-path /Users/flipos/Library/Developer/Xcode/DerivedData/FlowTask-gvvjwzkseqvacggylokzjdvxpayu/Index.noindex/DataStore -Xcc -D_LIBCPP_HARDENING_MODE\=_LIBCPP_HARDENING_MODE_DEBUG -swift-version 5 -I /Users/flipos/Library/Developer/Xcode/DerivedData/FlowTask-gvvjwzkseqvacggylokzjdvxpayu/Build/Products/Debug -F /Users/flipos/Library/Developer/Xcode/DerivedData/FlowTask-gvvjwzkseqvacggylokzjdvxpayu/Build/Products/Debug -emit-localized-strings -emit-localized-strings-path /Users/flipos/Library/Developer/Xcode/DerivedData/FlowTask-gvvjwzkseqvacggylokzjdvxpayu/Build/Intermediates.noindex/FlowTask.build/Debug/FlowTask.build/Objects-normal/arm64 -c -j10 -enable-batch-mode -incremental -Xcc -ivfsstatcache -Xcc /Users/flipos/Library/Developer/Xcode/DerivedData/SDKStatCaches.noindex/macosx26.2-25C57-00fa09913b459cbbc988d1f6730289ae.sdkstatcache -output-file-map /Users/flipos/Library/Developer/Xcode/DerivedData/FlowTask-gvvjwzkseqvacggylokzjdvxpayu/Build/Intermediates.noindex/FlowTask.build/Debug/FlowTask.build/Objects-normal/arm64/FlowTask-OutputFileMap.json -use-frontend-parseable-output -save-temps -no-color-diagnostics -explicit-module-build -module-cache-path /Users/flipos/Library/Developer/Xcode/DerivedData/FlowTask-gvvjwzkseqvacggylokzjdvxpayu/Build/Intermediates.noindex/SwiftExplicitPrecompiledModules -clang-scanner-module-cache-path /Users/flipos/Library/Developer/Xcode/DerivedData/ModuleCache.noindex -sdk-module-cache-path /Users/flipos/Library/Developer/Xcode/DerivedData/ModuleCache.noindex -serialize-diagnostics -emit-dependencies -emit-module -emit-module-path /Users/flipos/Library/Developer/Xcode/DerivedData/FlowTask-gvvjwzkseqvacggylokzjdvxpayu/Build/Intermediates.noindex/FlowTask.build/Debug/FlowTask.build/Objects-normal/arm64/FlowTask.swiftmodule -validate-clang-modules-once -clang-build-session-file /Users/flipos/Library/Developer/Xcode/DerivedData/ModuleCache.noindex/Session.modulevalidation -Xcc -I/Users/flipos/Library/Developer/Xcode/DerivedData/FlowTask-gvvjwzkseqvacggylokzjdvxpayu/Build/Intermediates.noindex/FlowTask.build/Debug/FlowTask.build/swift-overrides.hmap -emit-const-values -Xfrontend -const-gather-protocols-file -Xfrontend /Users/flipos/Library/Developer/Xcode/DerivedData/FlowTask-gvvjwzkseqvacggylokzjdvxpayu/Build/Intermediates.noindex/FlowTask.build/Debug/FlowTask.build/Objects-normal/arm64/FlowTask_const_extract_protocols.json -Xcc -iquote -Xcc /Users/flipos/Library/Developer/Xcode/DerivedData/FlowTask-gvvjwzkseqvacggylokzjdvxpayu/Build/Intermediates.noindex/FlowTask.build/Debug/FlowTask.build/FlowTask-generated-files.hmap -Xcc -I/Users/flipos/Library/Developer/Xcode/DerivedData/FlowTask-gvvjwzkseqvacggylokzjdvxpayu/Build/Intermediates.noindex/FlowTask.build/Debug/FlowTask.build/FlowTask-own-target-headers.hmap -Xcc -I/Users/flipos/Library/Developer/Xcode/DerivedData/FlowTask-gvvjwzkseqvacggylokzjdvxpayu/Build/Intermediates.noindex/FlowTask.build/Debug/FlowTask.build/FlowTask-all-target-headers.hmap -Xcc -iquote -Xcc /Users/flipos/Library/Developer/Xcode/DerivedData/FlowTask-gvvjwzkseqvacggylokzjdvxpayu/Build/Intermediates.noindex/FlowTask.build/Debug/FlowTask.build/FlowTask-project-headers.hmap -Xcc -I/Users/flipos/Library/Developer/Xcode/DerivedData/FlowTask-gvvjwzkseqvacggylokzjdvxpayu/Build/Products/Debug/include -Xcc -I/Users/flipos/Library/Developer/Xcode/DerivedData/FlowTask-gvvjwzkseqvacggylokzjdvxpayu/Build/Intermediates.noindex/FlowTask.build/Debug/FlowTask.build/DerivedSources-normal/arm64 -Xcc -I/Users/flipos/Library/Developer/Xcode/DerivedData/FlowTask-gvvjwzkseqvacggylokzjdvxpayu/Build/Intermediates.noindex/FlowTask.build/Debug/FlowTask.build/DerivedSources/arm64 -Xcc -I/Users/flipos/Library/Developer/Xcode/DerivedData/FlowTask-gvvjwzkseqvacggylokzjdvxpayu/Build/Intermediates.noindex/FlowTask.build/Debug/FlowTask.build/DerivedSources -Xcc -DDEBUG\=1 -emit-objc-header -emit-objc-header-path /Users/flipos/Library/Developer/Xcode/DerivedData/FlowTask-gvvjwzkseqvacggylokzjdvxpayu/Build/Intermediates.noindex/FlowTask.build/Debug/FlowTask.build/Objects-normal/arm64/FlowTask-Swift.h -working-directory /Users/flipos/OtherProject/FlowTask -experimental-emit-module-separately -disable-cmo

SwiftCompile normal arm64 Compiling\ DailySummaryService.swift,\ Subtask.swift,\ TaskRepository.swift,\ SharedComponents.swift /Users/flipos/OtherProject/FlowTask/Shared/Data/Services/DailySummaryService.swift /Users/flipos/OtherProject/FlowTask/Shared/Domain/Entities/Subtask.swift /Users/flipos/OtherProject/FlowTask/Shared/Data/Repositories/TaskRepository.swift /Users/flipos/OtherProject/FlowTask/Shared/Utilities/DesignSystem/SharedComponents.swift (in target 'FlowTask' from project 'FlowTask')

SwiftCompile normal arm64 /Users/flipos/OtherProject/FlowTask/Shared/Data/Services/DailySummaryService.swift (in target 'FlowTask' from project 'FlowTask')
    cd /Users/flipos/OtherProject/FlowTask
    

SwiftCompile normal arm64 /Users/flipos/OtherProject/FlowTask/Shared/Domain/Entities/Subtask.swift (in target 'FlowTask' from project 'FlowTask')
    cd /Users/flipos/OtherProject/FlowTask
    

SwiftCompile normal arm64 /Users/flipos/OtherProject/FlowTask/Shared/Data/Repositories/TaskRepository.swift (in target 'FlowTask' from project 'FlowTask')
    cd /Users/flipos/OtherProject/FlowTask
    
/Users/flipos/OtherProject/FlowTask/Shared/Data/Repositories/TaskRepository.swift:112:13: warning: initialization of immutable value 'now' was never used; consider replacing with assignment to '_' or removing it
        let now = Date()
        ~~~~^~~
        _

SwiftCompile normal arm64 /Users/flipos/OtherProject/FlowTask/Shared/Utilities/DesignSystem/SharedComponents.swift (in target 'FlowTask' from project 'FlowTask')
    cd /Users/flipos/OtherProject/FlowTask
    

SwiftCompile normal arm64 Compiling\ StatisticsView.swift,\ TaskListViewModel.swift,\ SettingsManager.swift,\ SettingsView.swift /Users/flipos/OtherProject/FlowTask/macOS/Views/Statistics/StatisticsView.swift /Users/flipos/OtherProject/FlowTask/macOS/ViewModels/TaskListViewModel.swift /Users/flipos/OtherProject/FlowTask/macOS/Views/Settings/SettingsManager.swift /Users/flipos/OtherProject/FlowTask/macOS/Views/Settings/SettingsView.swift (in target 'FlowTask' from project 'FlowTask')
SwiftCompile normal arm64 /Users/flipos/OtherProject/FlowTask/macOS/Views/Statistics/StatisticsView.swift (in target 'FlowTask' from project 'FlowTask')
    cd /Users/flipos/OtherProject/FlowTask
    

SwiftCompile normal arm64 /Users/flipos/OtherProject/FlowTask/macOS/ViewModels/TaskListViewModel.swift (in target 'FlowTask' from project 'FlowTask')
    cd /Users/flipos/OtherProject/FlowTask
    

SwiftCompile normal arm64 /Users/flipos/OtherProject/FlowTask/macOS/Views/Settings/SettingsManager.swift (in target 'FlowTask' from project 'FlowTask')
    cd /Users/flipos/OtherProject/FlowTask
    

SwiftCompile normal arm64 /Users/flipos/OtherProject/FlowTask/macOS/Views/Settings/SettingsView.swift (in target 'FlowTask' from project 'FlowTask')
    cd /Users/flipos/OtherProject/FlowTask
    

SwiftCompile normal arm64 Compiling\ FloatingWindowView.swift,\ FocusService.swift,\ TaskValidator.swift /Users/flipos/OtherProject/FlowTask/macOS/Views/FloatingWindow/FloatingWindowView.swift /Users/flipos/OtherProject/FlowTask/Shared/Data/Services/FocusService.swift /Users/flipos/OtherProject/FlowTask/Shared/Utilities/Helpers/TaskValidator.swift (in target 'FlowTask' from project 'FlowTask')

SwiftCompile normal arm64 /Users/flipos/OtherProject/FlowTask/macOS/Views/FloatingWindow/FloatingWindowView.swift (in target 'FlowTask' from project 'FlowTask')
    cd /Users/flipos/OtherProject/FlowTask
    

SwiftCompile normal arm64 /Users/flipos/OtherProject/FlowTask/Shared/Data/Services/FocusService.swift (in target 'FlowTask' from project 'FlowTask')
    cd /Users/flipos/OtherProject/FlowTask
    
/Users/flipos/OtherProject/FlowTask/Shared/Data/Services/FocusService.swift:43:17: warning: reference to captured var 'self' in concurrently-executing code; this is an error in the Swift 6 language mode
                self?.elapsedTime += 1
                ^
/Users/flipos/OtherProject/FlowTask/Shared/Data/Services/FocusService.swift:87:17: warning: reference to captured var 'self' in concurrently-executing code; this is an error in the Swift 6 language mode
                self?.elapsedTime += 1
                ^

SwiftCompile normal arm64 /Users/flipos/OtherProject/FlowTask/Shared/Utilities/Helpers/TaskValidator.swift (in target 'FlowTask' from project 'FlowTask')
    cd /Users/flipos/OtherProject/FlowTask
    

SwiftCompile normal arm64 Compiling\ NotificationService.swift,\ Task.swift,\ GeneratedAssetSymbols.swift /Users/flipos/OtherProject/FlowTask/Shared/Data/Services/NotificationService.swift /Users/flipos/OtherProject/FlowTask/Shared/Domain/Entities/Task.swift /Users/flipos/Library/Developer/Xcode/DerivedData/FlowTask-gvvjwzkseqvacggylokzjdvxpayu/Build/Intermediates.noindex/FlowTask.build/Debug/FlowTask.build/DerivedSources/GeneratedAssetSymbols.swift (in target 'FlowTask' from project 'FlowTask')

SwiftCompile normal arm64 /Users/flipos/OtherProject/FlowTask/Shared/Data/Services/NotificationService.swift (in target 'FlowTask' from project 'FlowTask')
    cd /Users/flipos/OtherProject/FlowTask
    
/Users/flipos/OtherProject/FlowTask/Shared/Data/Services/NotificationService.swift:43:17: warning: reference to captured var 'self' in concurrently-executing code; this is an error in the Swift 6 language mode
                self?.isAuthorized = settings.authorizationStatus == .authorized
                ^
/Users/flipos/OtherProject/FlowTask/Shared/Data/Services/NotificationService.swift:60:17: warning: reference to captured var 'self' in concurrently-executing code; this is an error in the Swift 6 language mode
                self?.checkUpcomingTasks()
                ^
/Users/flipos/OtherProject/FlowTask/Shared/Data/Services/NotificationService.swift:368:28: warning: 'NSUserNotification' was deprecated in macOS 11.0: All NSUserNotifications API should be replaced with UserNotifications.frameworks API
        let notification = NSUserNotification()
                           ^
/Users/flipos/OtherProject/FlowTask/Shared/Data/Services/NotificationService.swift:379:34: warning: 'NSUserNotificationDefaultSoundName' was deprecated in macOS 11.0: All NSUserNotifications API should be replaced with UserNotifications.frameworks API
        notification.soundName = NSUserNotificationDefaultSoundName
                                 ^
/Users/flipos/OtherProject/FlowTask/Shared/Data/Services/NotificationService.swift:382:9: warning: 'NSUserNotificationCenter' was deprecated in macOS 11.0: All NSUserNotifications API should be replaced with UserNotifications.frameworks API
        NSUserNotificationCenter.default.deliver(notification)
        ^

SwiftCompile normal arm64 /Users/flipos/OtherProject/FlowTask/Shared/Domain/Entities/Task.swift (in target 'FlowTask' from project 'FlowTask')
    cd /Users/flipos/OtherProject/FlowTask
    

SwiftCompile normal arm64 /Users/flipos/Library/Developer/Xcode/DerivedData/FlowTask-gvvjwzkseqvacggylokzjdvxpayu/Build/Intermediates.noindex/FlowTask.build/Debug/FlowTask.build/DerivedSources/GeneratedAssetSymbols.swift (in target 'FlowTask' from project 'FlowTask')
    cd /Users/flipos/OtherProject/FlowTask
    

SwiftCompile normal arm64 Compiling\ DailySummary.swift,\ String+Extensions.swift,\ FlowTaskMacApp.swift /Users/flipos/OtherProject/FlowTask/Shared/Domain/Entities/DailySummary.swift /Users/flipos/OtherProject/FlowTask/Shared/Utilities/Extensions/String+Extensions.swift /Users/flipos/OtherProject/FlowTask/macOS/FlowTaskMacApp.swift (in target 'FlowTask' from project 'FlowTask')

SwiftCompile normal arm64 /Users/flipos/OtherProject/FlowTask/Shared/Domain/Entities/DailySummary.swift (in target 'FlowTask' from project 'FlowTask')
    cd /Users/flipos/OtherProject/FlowTask
    

SwiftCompile normal arm64 /Users/flipos/OtherProject/FlowTask/Shared/Utilities/Extensions/String+Extensions.swift (in target 'FlowTask' from project 'FlowTask')
    cd /Users/flipos/OtherProject/FlowTask
    

SwiftCompile normal arm64 /Users/flipos/OtherProject/FlowTask/macOS/FlowTaskMacApp.swift (in target 'FlowTask' from project 'FlowTask')
    cd /Users/flipos/OtherProject/FlowTask
    
/Users/flipos/OtherProject/FlowTask/macOS/FlowTaskMacApp.swift:140:46: warning: result of call to 'requestAuthorization()' is unused
            await NotificationService.shared.requestAuthorization()
                                             ^                   ~~
/Users/flipos/OtherProject/FlowTask/macOS/FlowTaskMacApp.swift:200:17: warning: reference to captured var 'self' in concurrently-executing code; this is an error in the Swift 6 language mode
                self?.updateStatusBarIcon()
                ^
/Users/flipos/OtherProject/FlowTask/macOS/FlowTaskMacApp.swift:201:17: warning: reference to captured var 'self' in concurrently-executing code; this is an error in the Swift 6 language mode
                self?.updateStatusBarTitle()
                ^
/Users/flipos/OtherProject/FlowTask/macOS/FlowTaskMacApp.swift:208:17: warning: reference to captured var 'self' in concurrently-executing code; this is an error in the Swift 6 language mode
                self?.updateStatusBarTitle()
                ^

SwiftCompile normal arm64 Compiling\ FloatingBallView.swift,\ DesktopStickyWindow.swift,\ StickyWindowViewModel.swift /Users/flipos/OtherProject/FlowTask/macOS/Views/StickyWindow/FloatingBallView.swift /Users/flipos/OtherProject/FlowTask/macOS/Views/StickyWindow/DesktopStickyWindow.swift /Users/flipos/OtherProject/FlowTask/macOS/Views/StickyWindow/StickyWindowViewModel.swift (in target 'FlowTask' from project 'FlowTask')

SwiftCompile normal arm64 /Users/flipos/OtherProject/FlowTask/macOS/Views/StickyWindow/FloatingBallView.swift (in target 'FlowTask' from project 'FlowTask')
    cd /Users/flipos/OtherProject/FlowTask
    

SwiftCompile normal arm64 /Users/flipos/OtherProject/FlowTask/macOS/Views/StickyWindow/DesktopStickyWindow.swift (in target 'FlowTask' from project 'FlowTask')
    cd /Users/flipos/OtherProject/FlowTask
    

SwiftCompile normal arm64 /Users/flipos/OtherProject/FlowTask/macOS/Views/StickyWindow/StickyWindowViewModel.swift (in target 'FlowTask' from project 'FlowTask')
    cd /Users/flipos/OtherProject/FlowTask
    

SwiftCompile normal arm64 Compiling\ FlowTaskError.swift,\ TaskStorage.swift,\ NoteRepository.swift /Users/flipos/OtherProject/FlowTask/Shared/Domain/Errors/FlowTaskError.swift /Users/flipos/OtherProject/FlowTask/Shared/Data/LocalStorage/TaskStorage.swift /Users/flipos/OtherProject/FlowTask/Shared/Data/Repositories/NoteRepository.swift (in target 'FlowTask' from project 'FlowTask')

SwiftCompile normal arm64 /Users/flipos/OtherProject/FlowTask/Shared/Domain/Errors/FlowTaskError.swift (in target 'FlowTask' from project 'FlowTask')
    cd /Users/flipos/OtherProject/FlowTask
    

SwiftCompile normal arm64 /Users/flipos/OtherProject/FlowTask/Shared/Data/LocalStorage/TaskStorage.swift (in target 'FlowTask' from project 'FlowTask')
    cd /Users/flipos/OtherProject/FlowTask
    

SwiftCompile normal arm64 /Users/flipos/OtherProject/FlowTask/Shared/Data/Repositories/NoteRepository.swift (in target 'FlowTask' from project 'FlowTask')
    cd /Users/flipos/OtherProject/FlowTask
    

SwiftCompile normal arm64 Compiling\ MacNotesView.swift,\ MarkdownEditor.swift,\ MacCategoryView.swift,\ SyncStatus.swift /Users/flipos/OtherProject/FlowTask/macOS/Views/Notes/MacNotesView.swift /Users/flipos/OtherProject/FlowTask/macOS/Views/Notes/MarkdownEditor.swift /Users/flipos/OtherProject/FlowTask/macOS/Views/Category/MacCategoryView.swift /Users/flipos/OtherProject/FlowTask/Shared/Domain/Entities/SyncStatus.swift (in target 'FlowTask' from project 'FlowTask')

SwiftCompile normal arm64 /Users/flipos/OtherProject/FlowTask/macOS/Views/Notes/MacNotesView.swift (in target 'FlowTask' from project 'FlowTask')
    cd /Users/flipos/OtherProject/FlowTask
    

SwiftCompile normal arm64 /Users/flipos/OtherProject/FlowTask/macOS/Views/Notes/MarkdownEditor.swift (in target 'FlowTask' from project 'FlowTask')
    cd /Users/flipos/OtherProject/FlowTask
    

SwiftCompile normal arm64 /Users/flipos/OtherProject/FlowTask/macOS/Views/Category/MacCategoryView.swift (in target 'FlowTask' from project 'FlowTask')
    cd /Users/flipos/OtherProject/FlowTask
    

SwiftCompile normal arm64 /Users/flipos/OtherProject/FlowTask/Shared/Domain/Entities/SyncStatus.swift (in target 'FlowTask' from project 'FlowTask')
    cd /Users/flipos/OtherProject/FlowTask
    

SwiftCompile normal arm64 Compiling\ TaskRepositoryProtocol.swift,\ Date+Extensions.swift,\ Note.swift,\ Theme.swift /Users/flipos/OtherProject/FlowTask/Shared/Domain/Repositories/TaskRepositoryProtocol.swift /Users/flipos/OtherProject/FlowTask/Shared/Utilities/Extensions/Date+Extensions.swift /Users/flipos/OtherProject/FlowTask/Shared/Domain/Entities/Note.swift /Users/flipos/OtherProject/FlowTask/Shared/Utilities/DesignSystem/Theme.swift (in target 'FlowTask' from project 'FlowTask')

SwiftCompile normal arm64 /Users/flipos/OtherProject/FlowTask/Shared/Domain/Repositories/TaskRepositoryProtocol.swift (in target 'FlowTask' from project 'FlowTask')
    cd /Users/flipos/OtherProject/FlowTask
    

SwiftCompile normal arm64 /Users/flipos/OtherProject/FlowTask/Shared/Utilities/Extensions/Date+Extensions.swift (in target 'FlowTask' from project 'FlowTask')
    cd /Users/flipos/OtherProject/FlowTask
    

SwiftCompile normal arm64 /Users/flipos/OtherProject/FlowTask/Shared/Domain/Entities/Note.swift (in target 'FlowTask' from project 'FlowTask')
    cd /Users/flipos/OtherProject/FlowTask
    

SwiftCompile normal arm64 /Users/flipos/OtherProject/FlowTask/Shared/Utilities/DesignSystem/Theme.swift (in target 'FlowTask' from project 'FlowTask')
    cd /Users/flipos/OtherProject/FlowTask
    

SwiftEmitModule normal arm64 Emitting\ module\ for\ FlowTask (in target 'FlowTask' from project 'FlowTask')

EmitSwiftModule normal arm64 (in target 'FlowTask' from project 'FlowTask')
    cd /Users/flipos/OtherProject/FlowTask
    

SwiftDriverJobDiscovery normal arm64 Compiling TaskRepositoryProtocol.swift, Date+Extensions.swift, Note.swift, Theme.swift (in target 'FlowTask' from project 'FlowTask')

SwiftCompile normal arm64 Compiling\ NoteRepositoryProtocol.swift,\ FocusSession.swift,\ DataContainer.swift,\ MacTaskListView.swift /Users/flipos/OtherProject/FlowTask/Shared/Domain/Repositories/NoteRepositoryProtocol.swift /Users/flipos/OtherProject/FlowTask/Shared/Domain/Entities/FocusSession.swift /Users/flipos/OtherProject/FlowTask/Shared/Data/LocalStorage/DataContainer.swift /Users/flipos/OtherProject/FlowTask/macOS/Views/TaskList/MacTaskListView.swift (in target 'FlowTask' from project 'FlowTask')

SwiftCompile normal arm64 /Users/flipos/OtherProject/FlowTask/Shared/Domain/Repositories/NoteRepositoryProtocol.swift (in target 'FlowTask' from project 'FlowTask')
    cd /Users/flipos/OtherProject/FlowTask
    

SwiftCompile normal arm64 /Users/flipos/OtherProject/FlowTask/Shared/Domain/Entities/FocusSession.swift (in target 'FlowTask' from project 'FlowTask')
    cd /Users/flipos/OtherProject/FlowTask
    

SwiftCompile normal arm64 /Users/flipos/OtherProject/FlowTask/Shared/Data/LocalStorage/DataContainer.swift (in target 'FlowTask' from project 'FlowTask')
    cd /Users/flipos/OtherProject/FlowTask
    

SwiftCompile normal arm64 /Users/flipos/OtherProject/FlowTask/macOS/Views/TaskList/MacTaskListView.swift (in target 'FlowTask' from project 'FlowTask')
    cd /Users/flipos/OtherProject/FlowTask
    

SwiftDriverJobDiscovery normal arm64 Compiling NotificationService.swift, Task.swift, GeneratedAssetSymbols.swift (in target 'FlowTask' from project 'FlowTask')

SwiftDriverJobDiscovery normal arm64 Compiling DailySummaryService.swift, Subtask.swift, TaskRepository.swift, SharedComponents.swift (in target 'FlowTask' from project 'FlowTask')

SwiftDriverJobDiscovery normal arm64 Compiling FlowTaskError.swift, TaskStorage.swift, NoteRepository.swift (in target 'FlowTask' from project 'FlowTask')

LinkAssetCatalog /Users/flipos/OtherProject/FlowTask/FlowTask/Assets.xcassets (in target 'FlowTask' from project 'FlowTask')
    cd /Users/flipos/OtherProject/FlowTask
    builtin-linkAssetCatalog --thinned /Users/flipos/Library/Developer/Xcode/DerivedData/FlowTask-gvvjwzkseqvacggylokzjdvxpayu/Build/Intermediates.noindex/FlowTask.build/Debug/FlowTask.build/assetcatalog_output/thinned --thinned-dependencies /Users/flipos/Library/Developer/Xcode/DerivedData/FlowTask-gvvjwzkseqvacggylokzjdvxpayu/Build/Intermediates.noindex/FlowTask.build/Debug/FlowTask.build/assetcatalog_dependencies_thinned --thinned-info-plist-content /Users/flipos/Library/Developer/Xcode/DerivedData/FlowTask-gvvjwzkseqvacggylokzjdvxpayu/Build/Intermediates.noindex/FlowTask.build/Debug/FlowTask.build/assetcatalog_generated_info.plist_thinned --unthinned /Users/flipos/Library/Developer/Xcode/DerivedData/FlowTask-gvvjwzkseqvacggylokzjdvxpayu/Build/Intermediates.noindex/FlowTask.build/Debug/FlowTask.build/assetcatalog_output/unthinned --unthinned-dependencies /Users/flipos/Library/Developer/Xcode/DerivedData/FlowTask-gvvjwzkseqvacggylokzjdvxpayu/Build/Intermediates.noindex/FlowTask.build/Debug/FlowTask.build/assetcatalog_dependencies_unthinned --unthinned-info-plist-content /Users/flipos/Library/Developer/Xcode/DerivedData/FlowTask-gvvjwzkseqvacggylokzjdvxpayu/Build/Intermediates.noindex/FlowTask.build/Debug/FlowTask.build/assetcatalog_generated_info.plist_unthinned --output /Users/flipos/Library/Developer/Xcode/DerivedData/FlowTask-gvvjwzkseqvacggylokzjdvxpayu/Build/Products/Debug/FlowTask.app/Contents/Resources --plist-output /Users/flipos/Library/Developer/Xcode/DerivedData/FlowTask-gvvjwzkseqvacggylokzjdvxpayu/Build/Intermediates.noindex/FlowTask.build/Debug/FlowTask.build/assetcatalog_generated_info.plist
note: Emplaced /Users/flipos/Library/Developer/Xcode/DerivedData/FlowTask-gvvjwzkseqvacggylokzjdvxpayu/Build/Products/Debug/FlowTask.app/Contents/Resources/AppIcon.icns (in target 'FlowTask' from project 'FlowTask')
note: Emplaced /Users/flipos/Library/Developer/Xcode/DerivedData/FlowTask-gvvjwzkseqvacggylokzjdvxpayu/Build/Products/Debug/FlowTask.app/Contents/Resources/Assets.car (in target 'FlowTask' from project 'FlowTask')

ProcessInfoPlistFile /Users/flipos/Library/Developer/Xcode/DerivedData/FlowTask-gvvjwzkseqvacggylokzjdvxpayu/Build/Products/Debug/FlowTask.app/Contents/Info.plist /Users/flipos/Library/Developer/Xcode/DerivedData/FlowTask-gvvjwzkseqvacggylokzjdvxpayu/Build/Intermediates.noindex/FlowTask.build/Debug/FlowTask.build/empty-FlowTask.plist (in target 'FlowTask' from project 'FlowTask')
    cd /Users/flipos/OtherProject/FlowTask
    builtin-infoPlistUtility /Users/flipos/Library/Developer/Xcode/DerivedData/FlowTask-gvvjwzkseqvacggylokzjdvxpayu/Build/Intermediates.noindex/FlowTask.build/Debug/FlowTask.build/empty-FlowTask.plist -producttype com.apple.product-type.application -genpkginfo /Users/flipos/Library/Developer/Xcode/DerivedData/FlowTask-gvvjwzkseqvacggylokzjdvxpayu/Build/Products/Debug/FlowTask.app/Contents/PkgInfo -expandbuildsettings -platform macosx -additionalcontentfile /Users/flipos/Library/Developer/Xcode/DerivedData/FlowTask-gvvjwzkseqvacggylokzjdvxpayu/Build/Intermediates.noindex/FlowTask.build/Debug/FlowTask.build/assetcatalog_generated_info.plist -o /Users/flipos/Library/Developer/Xcode/DerivedData/FlowTask-gvvjwzkseqvacggylokzjdvxpayu/Build/Products/Debug/FlowTask.app/Contents/Info.plist

SwiftDriverJobDiscovery normal arm64 Compiling FloatingWindowView.swift, FocusService.swift, TaskValidator.swift (in target 'FlowTask' from project 'FlowTask')

SwiftDriverJobDiscovery normal arm64 Emitting module for FlowTask (in target 'FlowTask' from project 'FlowTask')

SwiftDriver\ Compilation\ Requirements FlowTask normal arm64 com.apple.xcode.tools.swift.compiler (in target 'FlowTask' from project 'FlowTask')
    cd /Users/flipos/OtherProject/FlowTask
    builtin-Swift-Compilation-Requirements -- /Applications/Xcode.app/Contents/Developer/Toolchains/XcodeDefault.xctoolchain/usr/bin/swiftc -module-name FlowTask -Onone -enforce-exclusivity\=checked @/Users/flipos/Library/Developer/Xcode/DerivedData/FlowTask-gvvjwzkseqvacggylokzjdvxpayu/Build/Intermediates.noindex/FlowTask.build/Debug/FlowTask.build/Objects-normal/arm64/FlowTask.SwiftFileList -DDEBUG -default-isolation\=MainActor -enable-bare-slash-regex -enable-upcoming-feature DisableOutwardActorInference -enable-upcoming-feature InferSendableFromCaptures -enable-upcoming-feature GlobalActorIsolatedTypesUsability -enable-upcoming-feature MemberImportVisibility -enable-upcoming-feature InferIsolatedConformances -enable-upcoming-feature NonisolatedNonsendingByDefault -enable-experimental-feature DebugDescriptionMacro -sdk /Applications/Xcode.app/Contents/Developer/Platforms/MacOSX.platform/Developer/SDKs/MacOSX26.2.sdk -target arm64-apple-macos14.6 -g -module-cache-path /Users/flipos/Library/Developer/Xcode/DerivedData/ModuleCache.noindex -Xfrontend -serialize-debugging-options -profile-coverage-mapping -profile-generate -enable-testing -index-store-path /Users/flipos/Library/Developer/Xcode/DerivedData/FlowTask-gvvjwzkseqvacggylokzjdvxpayu/Index.noindex/DataStore -Xcc -D_LIBCPP_HARDENING_MODE\=_LIBCPP_HARDENING_MODE_DEBUG -swift-version 5 -I /Users/flipos/Library/Developer/Xcode/DerivedData/FlowTask-gvvjwzkseqvacggylokzjdvxpayu/Build/Products/Debug -F /Users/flipos/Library/Developer/Xcode/DerivedData/FlowTask-gvvjwzkseqvacggylokzjdvxpayu/Build/Products/Debug -emit-localized-strings -emit-localized-strings-path /Users/flipos/Library/Developer/Xcode/DerivedData/FlowTask-gvvjwzkseqvacggylokzjdvxpayu/Build/Intermediates.noindex/FlowTask.build/Debug/FlowTask.build/Objects-normal/arm64 -c -j10 -enable-batch-mode -incremental -Xcc -ivfsstatcache -Xcc /Users/flipos/Library/Developer/Xcode/DerivedData/SDKStatCaches.noindex/macosx26.2-25C57-00fa09913b459cbbc988d1f6730289ae.sdkstatcache -output-file-map /Users/flipos/Library/Developer/Xcode/DerivedData/FlowTask-gvvjwzkseqvacggylokzjdvxpayu/Build/Intermediates.noindex/FlowTask.build/Debug/FlowTask.build/Objects-normal/arm64/FlowTask-OutputFileMap.json -use-frontend-parseable-output -save-temps -no-color-diagnostics -explicit-module-build -module-cache-path /Users/flipos/Library/Developer/Xcode/DerivedData/FlowTask-gvvjwzkseqvacggylokzjdvxpayu/Build/Intermediates.noindex/SwiftExplicitPrecompiledModules -clang-scanner-module-cache-path /Users/flipos/Library/Developer/Xcode/DerivedData/ModuleCache.noindex -sdk-module-cache-path /Users/flipos/Library/Developer/Xcode/DerivedData/ModuleCache.noindex -serialize-diagnostics -emit-dependencies -emit-module -emit-module-path /Users/flipos/Library/Developer/Xcode/DerivedData/FlowTask-gvvjwzkseqvacggylokzjdvxpayu/Build/Intermediates.noindex/FlowTask.build/Debug/FlowTask.build/Objects-normal/arm64/FlowTask.swiftmodule -validate-clang-modules-once -clang-build-session-file /Users/flipos/Library/Developer/Xcode/DerivedData/ModuleCache.noindex/Session.modulevalidation -Xcc -I/Users/flipos/Library/Developer/Xcode/DerivedData/FlowTask-gvvjwzkseqvacggylokzjdvxpayu/Build/Intermediates.noindex/FlowTask.build/Debug/FlowTask.build/swift-overrides.hmap -emit-const-values -Xfrontend -const-gather-protocols-file -Xfrontend /Users/flipos/Library/Developer/Xcode/DerivedData/FlowTask-gvvjwzkseqvacggylokzjdvxpayu/Build/Intermediates.noindex/FlowTask.build/Debug/FlowTask.build/Objects-normal/arm64/FlowTask_const_extract_protocols.json -Xcc -iquote -Xcc /Users/flipos/Library/Developer/Xcode/DerivedData/FlowTask-gvvjwzkseqvacggylokzjdvxpayu/Build/Intermediates.noindex/FlowTask.build/Debug/FlowTask.build/FlowTask-generated-files.hmap -Xcc -I/Users/flipos/Library/Developer/Xcode/DerivedData/FlowTask-gvvjwzkseqvacggylokzjdvxpayu/Build/Intermediates.noindex/FlowTask.build/Debug/FlowTask.build/FlowTask-own-target-headers.hmap -Xcc -I/Users/flipos/Library/Developer/Xcode/DerivedData/FlowTask-gvvjwzkseqvacggylokzjdvxpayu/Build/Intermediates.noindex/FlowTask.build/Debug/FlowTask.build/FlowTask-all-target-headers.hmap -Xcc -iquote -Xcc /Users/flipos/Library/Developer/Xcode/DerivedData/FlowTask-gvvjwzkseqvacggylokzjdvxpayu/Build/Intermediates.noindex/FlowTask.build/Debug/FlowTask.build/FlowTask-project-headers.hmap -Xcc -I/Users/flipos/Library/Developer/Xcode/DerivedData/FlowTask-gvvjwzkseqvacggylokzjdvxpayu/Build/Products/Debug/include -Xcc -I/Users/flipos/Library/Developer/Xcode/DerivedData/FlowTask-gvvjwzkseqvacggylokzjdvxpayu/Build/Intermediates.noindex/FlowTask.build/Debug/FlowTask.build/DerivedSources-normal/arm64 -Xcc -I/Users/flipos/Library/Developer/Xcode/DerivedData/FlowTask-gvvjwzkseqvacggylokzjdvxpayu/Build/Intermediates.noindex/FlowTask.build/Debug/FlowTask.build/DerivedSources/arm64 -Xcc -I/Users/flipos/Library/Developer/Xcode/DerivedData/FlowTask-gvvjwzkseqvacggylokzjdvxpayu/Build/Intermediates.noindex/FlowTask.build/Debug/FlowTask.build/DerivedSources -Xcc -DDEBUG\=1 -emit-objc-header -emit-objc-header-path /Users/flipos/Library/Developer/Xcode/DerivedData/FlowTask-gvvjwzkseqvacggylokzjdvxpayu/Build/Intermediates.noindex/FlowTask.build/Debug/FlowTask.build/Objects-normal/arm64/FlowTask-Swift.h -working-directory /Users/flipos/OtherProject/FlowTask -experimental-emit-module-separately -disable-cmo

SwiftMergeGeneratedHeaders /Users/flipos/Library/Developer/Xcode/DerivedData/FlowTask-gvvjwzkseqvacggylokzjdvxpayu/Build/Intermediates.noindex/FlowTask.build/Debug/FlowTask.build/DerivedSources/FlowTask-Swift.h /Users/flipos/Library/Developer/Xcode/DerivedData/FlowTask-gvvjwzkseqvacggylokzjdvxpayu/Build/Intermediates.noindex/FlowTask.build/Debug/FlowTask.build/Objects-normal/arm64/FlowTask-Swift.h (in target 'FlowTask' from project 'FlowTask')
    cd /Users/flipos/OtherProject/FlowTask
    builtin-swiftHeaderTool -arch arm64 /Users/flipos/Library/Developer/Xcode/DerivedData/FlowTask-gvvjwzkseqvacggylokzjdvxpayu/Build/Intermediates.noindex/FlowTask.build/Debug/FlowTask.build/Objects-normal/arm64/FlowTask-Swift.h -o /Users/flipos/Library/Developer/Xcode/DerivedData/FlowTask-gvvjwzkseqvacggylokzjdvxpayu/Build/Intermediates.noindex/FlowTask.build/Debug/FlowTask.build/DerivedSources/FlowTask-Swift.h

Copy /Users/flipos/Library/Developer/Xcode/DerivedData/FlowTask-gvvjwzkseqvacggylokzjdvxpayu/Build/Products/Debug/FlowTask.swiftmodule/arm64-apple-macos.swiftdoc /Users/flipos/Library/Developer/Xcode/DerivedData/FlowTask-gvvjwzkseqvacggylokzjdvxpayu/Build/Intermediates.noindex/FlowTask.build/Debug/FlowTask.build/Objects-normal/arm64/FlowTask.swiftdoc (in target 'FlowTask' from project 'FlowTask')
    cd /Users/flipos/OtherProject/FlowTask
    builtin-copy -exclude .DS_Store -exclude CVS -exclude .svn -exclude .git -exclude .hg -resolve-src-symlinks -rename /Users/flipos/Library/Developer/Xcode/DerivedData/FlowTask-gvvjwzkseqvacggylokzjdvxpayu/Build/Intermediates.noindex/FlowTask.build/Debug/FlowTask.build/Objects-normal/arm64/FlowTask.swiftdoc /Users/flipos/Library/Developer/Xcode/DerivedData/FlowTask-gvvjwzkseqvacggylokzjdvxpayu/Build/Products/Debug/FlowTask.swiftmodule/arm64-apple-macos.swiftdoc

Copy /Users/flipos/Library/Developer/Xcode/DerivedData/FlowTask-gvvjwzkseqvacggylokzjdvxpayu/Build/Products/Debug/FlowTask.swiftmodule/arm64-apple-macos.swiftmodule /Users/flipos/Library/Developer/Xcode/DerivedData/FlowTask-gvvjwzkseqvacggylokzjdvxpayu/Build/Intermediates.noindex/FlowTask.build/Debug/FlowTask.build/Objects-normal/arm64/FlowTask.swiftmodule (in target 'FlowTask' from project 'FlowTask')
    cd /Users/flipos/OtherProject/FlowTask
    builtin-copy -exclude .DS_Store -exclude CVS -exclude .svn -exclude .git -exclude .hg -resolve-src-symlinks -rename /Users/flipos/Library/Developer/Xcode/DerivedData/FlowTask-gvvjwzkseqvacggylokzjdvxpayu/Build/Intermediates.noindex/FlowTask.build/Debug/FlowTask.build/Objects-normal/arm64/FlowTask.swiftmodule /Users/flipos/Library/Developer/Xcode/DerivedData/FlowTask-gvvjwzkseqvacggylokzjdvxpayu/Build/Products/Debug/FlowTask.swiftmodule/arm64-apple-macos.swiftmodule

Copy /Users/flipos/Library/Developer/Xcode/DerivedData/FlowTask-gvvjwzkseqvacggylokzjdvxpayu/Build/Products/Debug/FlowTask.swiftmodule/arm64-apple-macos.abi.json /Users/flipos/Library/Developer/Xcode/DerivedData/FlowTask-gvvjwzkseqvacggylokzjdvxpayu/Build/Intermediates.noindex/FlowTask.build/Debug/FlowTask.build/Objects-normal/arm64/FlowTask.abi.json (in target 'FlowTask' from project 'FlowTask')
    cd /Users/flipos/OtherProject/FlowTask
    builtin-copy -exclude .DS_Store -exclude CVS -exclude .svn -exclude .git -exclude .hg -resolve-src-symlinks -rename /Users/flipos/Library/Developer/Xcode/DerivedData/FlowTask-gvvjwzkseqvacggylokzjdvxpayu/Build/Intermediates.noindex/FlowTask.build/Debug/FlowTask.build/Objects-normal/arm64/FlowTask.abi.json /Users/flipos/Library/Developer/Xcode/DerivedData/FlowTask-gvvjwzkseqvacggylokzjdvxpayu/Build/Products/Debug/FlowTask.swiftmodule/arm64-apple-macos.abi.json

Copy /Users/flipos/Library/Developer/Xcode/DerivedData/FlowTask-gvvjwzkseqvacggylokzjdvxpayu/Build/Products/Debug/FlowTask.swiftmodule/Project/arm64-apple-macos.swiftsourceinfo /Users/flipos/Library/Developer/Xcode/DerivedData/FlowTask-gvvjwzkseqvacggylokzjdvxpayu/Build/Intermediates.noindex/FlowTask.build/Debug/FlowTask.build/Objects-normal/arm64/FlowTask.swiftsourceinfo (in target 'FlowTask' from project 'FlowTask')
    cd /Users/flipos/OtherProject/FlowTask
    builtin-copy -exclude .DS_Store -exclude CVS -exclude .svn -exclude .git -exclude .hg -resolve-src-symlinks -rename /Users/flipos/Library/Developer/Xcode/DerivedData/FlowTask-gvvjwzkseqvacggylokzjdvxpayu/Build/Intermediates.noindex/FlowTask.build/Debug/FlowTask.build/Objects-normal/arm64/FlowTask.swiftsourceinfo /Users/flipos/Library/Developer/Xcode/DerivedData/FlowTask-gvvjwzkseqvacggylokzjdvxpayu/Build/Products/Debug/FlowTask.swiftmodule/Project/arm64-apple-macos.swiftsourceinfo

SwiftDriverJobDiscovery normal arm64 Compiling MacNotesView.swift, MarkdownEditor.swift, MacCategoryView.swift, SyncStatus.swift (in target 'FlowTask' from project 'FlowTask')

SwiftDriverJobDiscovery normal arm64 Compiling DailySummary.swift, String+Extensions.swift, FlowTaskMacApp.swift (in target 'FlowTask' from project 'FlowTask')

SwiftDriverJobDiscovery normal arm64 Compiling FloatingBallView.swift, DesktopStickyWindow.swift, StickyWindowViewModel.swift (in target 'FlowTask' from project 'FlowTask')

SwiftDriverJobDiscovery normal arm64 Compiling NoteRepositoryProtocol.swift, FocusSession.swift, DataContainer.swift, MacTaskListView.swift (in target 'FlowTask' from project 'FlowTask')

SwiftDriverJobDiscovery normal arm64 Compiling StatisticsView.swift, TaskListViewModel.swift, SettingsManager.swift, SettingsView.swift (in target 'FlowTask' from project 'FlowTask')

SwiftDriver\ Compilation FlowTask normal arm64 com.apple.xcode.tools.swift.compiler (in target 'FlowTask' from project 'FlowTask')
    cd /Users/flipos/OtherProject/FlowTask
    builtin-Swift-Compilation -- /Applications/Xcode.app/Contents/Developer/Toolchains/XcodeDefault.xctoolchain/usr/bin/swiftc -module-name FlowTask -Onone -enforce-exclusivity\=checked @/Users/flipos/Library/Developer/Xcode/DerivedData/FlowTask-gvvjwzkseqvacggylokzjdvxpayu/Build/Intermediates.noindex/FlowTask.build/Debug/FlowTask.build/Objects-normal/arm64/FlowTask.SwiftFileList -DDEBUG -default-isolation\=MainActor -enable-bare-slash-regex -enable-upcoming-feature DisableOutwardActorInference -enable-upcoming-feature InferSendableFromCaptures -enable-upcoming-feature GlobalActorIsolatedTypesUsability -enable-upcoming-feature MemberImportVisibility -enable-upcoming-feature InferIsolatedConformances -enable-upcoming-feature NonisolatedNonsendingByDefault -enable-experimental-feature DebugDescriptionMacro -sdk /Applications/Xcode.app/Contents/Developer/Platforms/MacOSX.platform/Developer/SDKs/MacOSX26.2.sdk -target arm64-apple-macos14.6 -g -module-cache-path /Users/flipos/Library/Developer/Xcode/DerivedData/ModuleCache.noindex -Xfrontend -serialize-debugging-options -profile-coverage-mapping -profile-generate -enable-testing -index-store-path /Users/flipos/Library/Developer/Xcode/DerivedData/FlowTask-gvvjwzkseqvacggylokzjdvxpayu/Index.noindex/DataStore -Xcc -D_LIBCPP_HARDENING_MODE\=_LIBCPP_HARDENING_MODE_DEBUG -swift-version 5 -I /Users/flipos/Library/Developer/Xcode/DerivedData/FlowTask-gvvjwzkseqvacggylokzjdvxpayu/Build/Products/Debug -F /Users/flipos/Library/Developer/Xcode/DerivedData/FlowTask-gvvjwzkseqvacggylokzjdvxpayu/Build/Products/Debug -emit-localized-strings -emit-localized-strings-path /Users/flipos/Library/Developer/Xcode/DerivedData/FlowTask-gvvjwzkseqvacggylokzjdvxpayu/Build/Intermediates.noindex/FlowTask.build/Debug/FlowTask.build/Objects-normal/arm64 -c -j10 -enable-batch-mode -incremental -Xcc -ivfsstatcache -Xcc /Users/flipos/Library/Developer/Xcode/DerivedData/SDKStatCaches.noindex/macosx26.2-25C57-00fa09913b459cbbc988d1f6730289ae.sdkstatcache -output-file-map /Users/flipos/Library/Developer/Xcode/DerivedData/FlowTask-gvvjwzkseqvacggylokzjdvxpayu/Build/Intermediates.noindex/FlowTask.build/Debug/FlowTask.build/Objects-normal/arm64/FlowTask-OutputFileMap.json -use-frontend-parseable-output -save-temps -no-color-diagnostics -explicit-module-build -module-cache-path /Users/flipos/Library/Developer/Xcode/DerivedData/FlowTask-gvvjwzkseqvacggylokzjdvxpayu/Build/Intermediates.noindex/SwiftExplicitPrecompiledModules -clang-scanner-module-cache-path /Users/flipos/Library/Developer/Xcode/DerivedData/ModuleCache.noindex -sdk-module-cache-path /Users/flipos/Library/Developer/Xcode/DerivedData/ModuleCache.noindex -serialize-diagnostics -emit-dependencies -emit-module -emit-module-path /Users/flipos/Library/Developer/Xcode/DerivedData/FlowTask-gvvjwzkseqvacggylokzjdvxpayu/Build/Intermediates.noindex/FlowTask.build/Debug/FlowTask.build/Objects-normal/arm64/FlowTask.swiftmodule -validate-clang-modules-once -clang-build-session-file /Users/flipos/Library/Developer/Xcode/DerivedData/ModuleCache.noindex/Session.modulevalidation -Xcc -I/Users/flipos/Library/Developer/Xcode/DerivedData/FlowTask-gvvjwzkseqvacggylokzjdvxpayu/Build/Intermediates.noindex/FlowTask.build/Debug/FlowTask.build/swift-overrides.hmap -emit-const-values -Xfrontend -const-gather-protocols-file -Xfrontend /Users/flipos/Library/Developer/Xcode/DerivedData/FlowTask-gvvjwzkseqvacggylokzjdvxpayu/Build/Intermediates.noindex/FlowTask.build/Debug/FlowTask.build/Objects-normal/arm64/FlowTask_const_extract_protocols.json -Xcc -iquote -Xcc /Users/flipos/Library/Developer/Xcode/DerivedData/FlowTask-gvvjwzkseqvacggylokzjdvxpayu/Build/Intermediates.noindex/FlowTask.build/Debug/FlowTask.build/FlowTask-generated-files.hmap -Xcc -I/Users/flipos/Library/Developer/Xcode/DerivedData/FlowTask-gvvjwzkseqvacggylokzjdvxpayu/Build/Intermediates.noindex/FlowTask.build/Debug/FlowTask.build/FlowTask-own-target-headers.hmap -Xcc -I/Users/flipos/Library/Developer/Xcode/DerivedData/FlowTask-gvvjwzkseqvacggylokzjdvxpayu/Build/Intermediates.noindex/FlowTask.build/Debug/FlowTask.build/FlowTask-all-target-headers.hmap -Xcc -iquote -Xcc /Users/flipos/Library/Developer/Xcode/DerivedData/FlowTask-gvvjwzkseqvacggylokzjdvxpayu/Build/Intermediates.noindex/FlowTask.build/Debug/FlowTask.build/FlowTask-project-headers.hmap -Xcc -I/Users/flipos/Library/Developer/Xcode/DerivedData/FlowTask-gvvjwzkseqvacggylokzjdvxpayu/Build/Products/Debug/include -Xcc -I/Users/flipos/Library/Developer/Xcode/DerivedData/FlowTask-gvvjwzkseqvacggylokzjdvxpayu/Build/Intermediates.noindex/FlowTask.build/Debug/FlowTask.build/DerivedSources-normal/arm64 -Xcc -I/Users/flipos/Library/Developer/Xcode/DerivedData/FlowTask-gvvjwzkseqvacggylokzjdvxpayu/Build/Intermediates.noindex/FlowTask.build/Debug/FlowTask.build/DerivedSources/arm64 -Xcc -I/Users/flipos/Library/Developer/Xcode/DerivedData/FlowTask-gvvjwzkseqvacggylokzjdvxpayu/Build/Intermediates.noindex/FlowTask.build/Debug/FlowTask.build/DerivedSources -Xcc -DDEBUG\=1 -emit-objc-header -emit-objc-header-path /Users/flipos/Library/Developer/Xcode/DerivedData/FlowTask-gvvjwzkseqvacggylokzjdvxpayu/Build/Intermediates.noindex/FlowTask.build/Debug/FlowTask.build/Objects-normal/arm64/FlowTask-Swift.h -working-directory /Users/flipos/OtherProject/FlowTask -experimental-emit-module-separately -disable-cmo

Ld /Users/flipos/Library/Developer/Xcode/DerivedData/FlowTask-gvvjwzkseqvacggylokzjdvxpayu/Build/Products/Debug/FlowTask.app/Contents/MacOS/FlowTask.debug.dylib normal (in target 'FlowTask' from project 'FlowTask')
    cd /Users/flipos/OtherProject/FlowTask
    /Applications/Xcode.app/Contents/Developer/Toolchains/XcodeDefault.xctoolchain/usr/bin/clang -Xlinker -reproducible -target arm64-apple-macos14.6 -dynamiclib -isysroot /Applications/Xcode.app/Contents/Developer/Platforms/MacOSX.platform/Developer/SDKs/MacOSX26.2.sdk -O0 -L/Users/flipos/Library/Developer/Xcode/DerivedData/FlowTask-gvvjwzkseqvacggylokzjdvxpayu/Build/Intermediates.noindex/EagerLinkingTBDs/Debug -L/Users/flipos/Library/Developer/Xcode/DerivedData/FlowTask-gvvjwzkseqvacggylokzjdvxpayu/Build/Products/Debug -F/Users/flipos/Library/Developer/Xcode/DerivedData/FlowTask-gvvjwzkseqvacggylokzjdvxpayu/Build/Intermediates.noindex/EagerLinkingTBDs/Debug -F/Users/flipos/Library/Developer/Xcode/DerivedData/FlowTask-gvvjwzkseqvacggylokzjdvxpayu/Build/Products/Debug -filelist /Users/flipos/Library/Developer/Xcode/DerivedData/FlowTask-gvvjwzkseqvacggylokzjdvxpayu/Build/Intermediates.noindex/FlowTask.build/Debug/FlowTask.build/Objects-normal/arm64/FlowTask.LinkFileList -install_name @rpath/FlowTask.debug.dylib -Xlinker -rpath -Xlinker /usr/lib/swift -Xlinker -rpath -Xlinker @executable_path/../Frameworks -Xlinker -object_path_lto -Xlinker /Users/flipos/Library/Developer/Xcode/DerivedData/FlowTask-gvvjwzkseqvacggylokzjdvxpayu/Build/Intermediates.noindex/FlowTask.build/Debug/FlowTask.build/Objects-normal/arm64/FlowTask_lto.o -rdynamic -Xlinker -no_deduplicate -Xlinker -debug_variant -Xlinker -dependency_info -Xlinker /Users/flipos/Library/Developer/Xcode/DerivedData/FlowTask-gvvjwzkseqvacggylokzjdvxpayu/Build/Intermediates.noindex/FlowTask.build/Debug/FlowTask.build/Objects-normal/arm64/FlowTask_dependency_info.dat -fobjc-link-runtime -fprofile-instr-generate -L/Applications/Xcode.app/Contents/Developer/Toolchains/XcodeDefault.xctoolchain/usr/lib/swift/macosx -L/usr/lib/swift -Xlinker -add_ast_path -Xlinker /Users/flipos/Library/Developer/Xcode/DerivedData/FlowTask-gvvjwzkseqvacggylokzjdvxpayu/Build/Intermediates.noindex/FlowTask.build/Debug/FlowTask.build/Objects-normal/arm64/FlowTask.swiftmodule @/Users/flipos/Library/Developer/Xcode/DerivedData/FlowTask-gvvjwzkseqvacggylokzjdvxpayu/Build/Intermediates.noindex/FlowTask.build/Debug/FlowTask.build/Objects-normal/arm64/FlowTask-linker-args.resp -Xlinker -alias -Xlinker _main -Xlinker ___debug_main_executable_dylib_entry_point -Xlinker -no_adhoc_codesign -o /Users/flipos/Library/Developer/Xcode/DerivedData/FlowTask-gvvjwzkseqvacggylokzjdvxpayu/Build/Products/Debug/FlowTask.app/Contents/MacOS/FlowTask.debug.dylib

ConstructStubExecutorLinkFileList /Users/flipos/Library/Developer/Xcode/DerivedData/FlowTask-gvvjwzkseqvacggylokzjdvxpayu/Build/Intermediates.noindex/FlowTask.build/Debug/FlowTask.build/FlowTask-ExecutorLinkFileList-normal-arm64.txt (in target 'FlowTask' from project 'FlowTask')
    cd /Users/flipos/OtherProject/FlowTask
    construct-stub-executor-link-file-list /Users/flipos/Library/Developer/Xcode/DerivedData/FlowTask-gvvjwzkseqvacggylokzjdvxpayu/Build/Products/Debug/FlowTask.app/Contents/MacOS/FlowTask.debug.dylib /Applications/Xcode.app/Contents/Developer/Platforms/MacOSX.platform/Developer/usr/lib/libPreviewsJITStubExecutor_no_swift_entry_point.a /Applications/Xcode.app/Contents/Developer/Platforms/MacOSX.platform/Developer/usr/lib/libPreviewsJITStubExecutor.a --output /Users/flipos/Library/Developer/Xcode/DerivedData/FlowTask-gvvjwzkseqvacggylokzjdvxpayu/Build/Intermediates.noindex/FlowTask.build/Debug/FlowTask.build/FlowTask-ExecutorLinkFileList-normal-arm64.txt
note: Using stub executor library with Swift entry point. (in target 'FlowTask' from project 'FlowTask')

Ld /Users/flipos/Library/Developer/Xcode/DerivedData/FlowTask-gvvjwzkseqvacggylokzjdvxpayu/Build/Products/Debug/FlowTask.app/Contents/MacOS/FlowTask normal (in target 'FlowTask' from project 'FlowTask')
    cd /Users/flipos/OtherProject/FlowTask
    /Applications/Xcode.app/Contents/Developer/Toolchains/XcodeDefault.xctoolchain/usr/bin/clang -Xlinker -reproducible -target arm64-apple-macos14.6 -isysroot /Applications/Xcode.app/Contents/Developer/Platforms/MacOSX.platform/Developer/SDKs/MacOSX26.2.sdk -O0 -L/Users/flipos/Library/Developer/Xcode/DerivedData/FlowTask-gvvjwzkseqvacggylokzjdvxpayu/Build/Products/Debug -F/Users/flipos/Library/Developer/Xcode/DerivedData/FlowTask-gvvjwzkseqvacggylokzjdvxpayu/Build/Products/Debug -Xlinker -rpath -Xlinker @executable_path -Xlinker -rpath -Xlinker @executable_path/../Frameworks -rdynamic -Xlinker -no_deduplicate -Xlinker -debug_variant -e ___debug_blank_executor_main -Xlinker -sectcreate -Xlinker __TEXT -Xlinker __debug_dylib -Xlinker /Users/flipos/Library/Developer/Xcode/DerivedData/FlowTask-gvvjwzkseqvacggylokzjdvxpayu/Build/Intermediates.noindex/FlowTask.build/Debug/FlowTask.build/FlowTask-DebugDylibPath-normal-arm64.txt -Xlinker -sectcreate -Xlinker __TEXT -Xlinker __debug_instlnm -Xlinker /Users/flipos/Library/Developer/Xcode/DerivedData/FlowTask-gvvjwzkseqvacggylokzjdvxpayu/Build/Intermediates.noindex/FlowTask.build/Debug/FlowTask.build/FlowTask-DebugDylibInstallName-normal-arm64.txt -Xlinker -filelist -Xlinker /Users/flipos/Library/Developer/Xcode/DerivedData/FlowTask-gvvjwzkseqvacggylokzjdvxpayu/Build/Intermediates.noindex/FlowTask.build/Debug/FlowTask.build/FlowTask-ExecutorLinkFileList-normal-arm64.txt /Users/flipos/Library/Developer/Xcode/DerivedData/FlowTask-gvvjwzkseqvacggylokzjdvxpayu/Build/Products/Debug/FlowTask.app/Contents/MacOS/FlowTask.debug.dylib -Xlinker -no_adhoc_codesign -o /Users/flipos/Library/Developer/Xcode/DerivedData/FlowTask-gvvjwzkseqvacggylokzjdvxpayu/Build/Products/Debug/FlowTask.app/Contents/MacOS/FlowTask

ExtractAppIntentsMetadata (in target 'FlowTask' from project 'FlowTask')
    cd /Users/flipos/OtherProject/FlowTask
    /Applications/Xcode.app/Contents/Developer/Toolchains/XcodeDefault.xctoolchain/usr/bin/appintentsmetadataprocessor --toolchain-dir /Applications/Xcode.app/Contents/Developer/Toolchains/XcodeDefault.xctoolchain --module-name FlowTask --sdk-root /Applications/Xcode.app/Contents/Developer/Platforms/MacOSX.platform/Developer/SDKs/MacOSX26.2.sdk --xcode-version 17C52 --platform-family macOS --deployment-target 14.6 --bundle-identifier com.zxyang.flowtask.FlowTask --output /Users/flipos/Library/Developer/Xcode/DerivedData/FlowTask-gvvjwzkseqvacggylokzjdvxpayu/Build/Products/Debug/FlowTask.app/Contents/Resources --target-triple arm64-apple-macos14.6 --binary-file /Users/flipos/Library/Developer/Xcode/DerivedData/FlowTask-gvvjwzkseqvacggylokzjdvxpayu/Build/Products/Debug/FlowTask.app/Contents/MacOS/FlowTask --dependency-file /Users/flipos/Library/Developer/Xcode/DerivedData/FlowTask-gvvjwzkseqvacggylokzjdvxpayu/Build/Intermediates.noindex/FlowTask.build/Debug/FlowTask.build/Objects-normal/arm64/FlowTask_dependency_info.dat --stringsdata-file /Users/flipos/Library/Developer/Xcode/DerivedData/FlowTask-gvvjwzkseqvacggylokzjdvxpayu/Build/Intermediates.noindex/FlowTask.build/Debug/FlowTask.build/Objects-normal/arm64/ExtractedAppShortcutsMetadata.stringsdata --source-file-list /Users/flipos/Library/Developer/Xcode/DerivedData/FlowTask-gvvjwzkseqvacggylokzjdvxpayu/Build/Intermediates.noindex/FlowTask.build/Debug/FlowTask.build/Objects-normal/arm64/FlowTask.SwiftFileList --metadata-file-list /Users/flipos/Library/Developer/Xcode/DerivedData/FlowTask-gvvjwzkseqvacggylokzjdvxpayu/Build/Intermediates.noindex/FlowTask.build/Debug/FlowTask.build/FlowTask.DependencyMetadataFileList --static-metadata-file-list /Users/flipos/Library/Developer/Xcode/DerivedData/FlowTask-gvvjwzkseqvacggylokzjdvxpayu/Build/Intermediates.noindex/FlowTask.build/Debug/FlowTask.build/FlowTask.DependencyStaticMetadataFileList --swift-const-vals-list /Users/flipos/Library/Developer/Xcode/DerivedData/FlowTask-gvvjwzkseqvacggylokzjdvxpayu/Build/Intermediates.noindex/FlowTask.build/Debug/FlowTask.build/Objects-normal/arm64/FlowTask.SwiftConstValuesFileList --compile-time-extraction --deployment-aware-processing --validate-assistant-intents --no-app-shortcuts-localization
2026-01-07 14:04:23.203 appintentsmetadataprocessor[21371:4915933] Starting appintentsmetadataprocessor export
2026-01-07 14:04:23.204 appintentsmetadataprocessor[21371:4915933] warning: Metadata extraction skipped. No AppIntents.framework dependency found.

CopySwiftLibs /Users/flipos/Library/Developer/Xcode/DerivedData/FlowTask-gvvjwzkseqvacggylokzjdvxpayu/Build/Products/Debug/FlowTask.app (in target 'FlowTask' from project 'FlowTask')
    cd /Users/flipos/OtherProject/FlowTask
    builtin-swiftStdLibTool --copy --verbose --sign FA1B6F6C138E8FCC2BD8A77B1B9FF53E63527077 --scan-executable /Users/flipos/Library/Developer/Xcode/DerivedData/FlowTask-gvvjwzkseqvacggylokzjdvxpayu/Build/Products/Debug/FlowTask.app/Contents/MacOS/FlowTask.debug.dylib --scan-folder /Users/flipos/Library/Developer/Xcode/DerivedData/FlowTask-gvvjwzkseqvacggylokzjdvxpayu/Build/Products/Debug/FlowTask.app/Contents/Frameworks --scan-folder /Users/flipos/Library/Developer/Xcode/DerivedData/FlowTask-gvvjwzkseqvacggylokzjdvxpayu/Build/Products/Debug/FlowTask.app/Contents/PlugIns --scan-folder /Users/flipos/Library/Developer/Xcode/DerivedData/FlowTask-gvvjwzkseqvacggylokzjdvxpayu/Build/Products/Debug/FlowTask.app/Contents/Library/SystemExtensions --scan-folder /Users/flipos/Library/Developer/Xcode/DerivedData/FlowTask-gvvjwzkseqvacggylokzjdvxpayu/Build/Products/Debug/FlowTask.app/Contents/Extensions --platform macosx --toolchain /Applications/Xcode.app/Contents/Developer/Toolchains/XcodeDefault.xctoolchain --destination /Users/flipos/Library/Developer/Xcode/DerivedData/FlowTask-gvvjwzkseqvacggylokzjdvxpayu/Build/Products/Debug/FlowTask.app/Contents/Frameworks --strip-bitcode --strip-bitcode-tool /Applications/Xcode.app/Contents/Developer/Toolchains/XcodeDefault.xctoolchain/usr/bin/bitcode_strip --emit-dependency-info /Users/flipos/Library/Developer/Xcode/DerivedData/FlowTask-gvvjwzkseqvacggylokzjdvxpayu/Build/Intermediates.noindex/FlowTask.build/Debug/FlowTask.build/SwiftStdLibToolInputDependencies.dep --filter-for-swift-os --back-deploy-swift-span

CodeSign /Users/flipos/Library/Developer/Xcode/DerivedData/FlowTask-gvvjwzkseqvacggylokzjdvxpayu/Build/Products/Debug/FlowTask.app/Contents/MacOS/FlowTask.debug.dylib (in target 'FlowTask' from project 'FlowTask')
    cd /Users/flipos/OtherProject/FlowTask
    
    Signing Identity:     "Apple Development: 740444603@qq.com (9YQUDL87W3)"
    
    /usr/bin/codesign --force --sign FA1B6F6C138E8FCC2BD8A77B1B9FF53E63527077 -o runtime --timestamp\=none --generate-entitlement-der /Users/flipos/Library/Developer/Xcode/DerivedData/FlowTask-gvvjwzkseqvacggylokzjdvxpayu/Build/Products/Debug/FlowTask.app/Contents/MacOS/FlowTask.debug.dylib

CodeSign /Users/flipos/Library/Developer/Xcode/DerivedData/FlowTask-gvvjwzkseqvacggylokzjdvxpayu/Build/Products/Debug/FlowTask.app/Contents/MacOS/__preview.dylib (in target 'FlowTask' from project 'FlowTask')
    cd /Users/flipos/OtherProject/FlowTask
    
    Signing Identity:     "Apple Development: 740444603@qq.com (9YQUDL87W3)"
    
    /usr/bin/codesign --force --sign FA1B6F6C138E8FCC2BD8A77B1B9FF53E63527077 -o runtime --timestamp\=none --generate-entitlement-der /Users/flipos/Library/Developer/Xcode/DerivedData/FlowTask-gvvjwzkseqvacggylokzjdvxpayu/Build/Products/Debug/FlowTask.app/Contents/MacOS/__preview.dylib

CodeSign /Users/flipos/Library/Developer/Xcode/DerivedData/FlowTask-gvvjwzkseqvacggylokzjdvxpayu/Build/Products/Debug/FlowTask.app (in target 'FlowTask' from project 'FlowTask')
    cd /Users/flipos/OtherProject/FlowTask
    
    Signing Identity:     "Apple Development: 740444603@qq.com (9YQUDL87W3)"
    
    /usr/bin/codesign --force --sign FA1B6F6C138E8FCC2BD8A77B1B9FF53E63527077 -o runtime --entitlements /Users/flipos/Library/Developer/Xcode/DerivedData/FlowTask-gvvjwzkseqvacggylokzjdvxpayu/Build/Intermediates.noindex/FlowTask.build/Debug/FlowTask.build/FlowTask.app.xcent --timestamp\=none --generate-entitlement-der /Users/flipos/Library/Developer/Xcode/DerivedData/FlowTask-gvvjwzkseqvacggylokzjdvxpayu/Build/Products/Debug/FlowTask.app

RegisterExecutionPolicyException /Users/flipos/Library/Developer/Xcode/DerivedData/FlowTask-gvvjwzkseqvacggylokzjdvxpayu/Build/Products/Debug/FlowTask.app (in target 'FlowTask' from project 'FlowTask')
    cd /Users/flipos/OtherProject/FlowTask
    builtin-RegisterExecutionPolicyException /Users/flipos/Library/Developer/Xcode/DerivedData/FlowTask-gvvjwzkseqvacggylokzjdvxpayu/Build/Products/Debug/FlowTask.app

Validate /Users/flipos/Library/Developer/Xcode/DerivedData/FlowTask-gvvjwzkseqvacggylokzjdvxpayu/Build/Products/Debug/FlowTask.app (in target 'FlowTask' from project 'FlowTask')
    cd /Users/flipos/OtherProject/FlowTask
    builtin-validationUtility /Users/flipos/Library/Developer/Xcode/DerivedData/FlowTask-gvvjwzkseqvacggylokzjdvxpayu/Build/Products/Debug/FlowTask.app -no-validate-extension -infoplist-subpath Contents/Info.plist

RegisterWithLaunchServices /Users/flipos/Library/Developer/Xcode/DerivedData/FlowTask-gvvjwzkseqvacggylokzjdvxpayu/Build/Products/Debug/FlowTask.app (in target 'FlowTask' from project 'FlowTask')
    cd /Users/flipos/OtherProject/FlowTask
    /System/Library/Frameworks/CoreServices.framework/Versions/Current/Frameworks/LaunchServices.framework/Versions/Current/Support/lsregister -f -R -trusted /Users/flipos/Library/Developer/Xcode/DerivedData/FlowTask-gvvjwzkseqvacggylokzjdvxpayu/Build/Products/Debug/FlowTask.app

Touch /Users/flipos/Library/Developer/Xcode/DerivedData/FlowTask-gvvjwzkseqvacggylokzjdvxpayu/Build/Products/Debug/FlowTask.app (in target 'FlowTask' from project 'FlowTask')
    cd /Users/flipos/OtherProject/FlowTask
    /usr/bin/touch -c /Users/flipos/Library/Developer/Xcode/DerivedData/FlowTask-gvvjwzkseqvacggylokzjdvxpayu/Build/Products/Debug/FlowTask.app

** BUILD SUCCEEDED **

